2026-07-17 17:23:34,419	INFO worker.py:2015 -- Started a local Ray instance. View the dashboard at [1m[32mhttp://127.0.0.1:8265 [39m[22m
2026-07-17 17:23:44,861	INFO worker.py:2015 -- Started a local Ray instance. View the dashboard at [1m[32mhttp://127.0.0.1:8265 [39m[22m
2026-07-17 17:23:55,379	WARNING compression.py:17 -- lz4 not available, disabling sample compression. This will significantly impact RLlib performance. To install lz4, run `pip install lz4`.
2026-07-17 17:23:58,429	WARNING train.py:296 -- DeprecationWarning: `build` has been deprecated. Use `AlgorithmConfig.build_algo` instead. This will raise an error in the future!
2026-07-17 17:24:04,862	INFO worker.py:2015 -- Started a local Ray instance. View the dashboard at [1m[32mhttp://127.0.0.1:8265 [39m[22m
[2026-07-17 17:24:09,241 E 336749 336749] core_worker.cc:2149: Actor with class name: 'RolloutWorker' and ID: 'e462d251b54963dd08ceb74c01000000' has constructor arguments in the object store and max_restarts > 0. If the arguments in the object store go out of scope or are lost, the actor restart will fail. See https://github.com/ray-project/ray/issues/53727 for more details.
[36m(pid=337549)[0m lz4 not available, disabling sample compression. This will significantly impact RLlib performance. To install lz4, run `pip install lz4`.
2026-07-17 17:24:21,126	INFO trainable.py:154 -- Trainable.setup took 22.692 seconds. If your trainable is slow to initialize, consider setting reuse_actors=True to reduce actor creation overheads.
2026-07-17 17:24:21,127	WARNING util.py:62 -- Install gputil for GPU system monitoring.
2026-07-17 17:24:31,652	WARNING worker.py:1107 -- The driver may not be able to keep up with the stdout/stderr of the workers. To avoid forwarding logs to the driver, use 'ray.init(log_to_driver=False)'.
2026-07-17 17:24:37,209	WARNING sgd.py:55 -- DeprecationWarning: `_get_slice_indices` has been deprecated. This will raise an error in the future!
/d/hpc/home/cs67685/.conda/envs/rl_thesis/lib/python3.14/site-packages/numpy/_core/_methods.py:132: RuntimeWarning: overflow encountered in reduce
  ret = umr_sum(arr, axis, dtype, out, keepdims, where=where)
[36m(RolloutWorker pid=337549)[0m /d/hpc/home/cs67685/.conda/envs/rl_thesis/lib/python3.14/site-packages/numpy/_core/_methods.py:132: RuntimeWarning: overflow encountered in reduce
[36m(RolloutWorker pid=337549)[0m   ret = umr_sum(arr, axis, dtype, out, keepdims, where=where)
[36m(pid=337551)[0m lz4 not available, disabling sample compression. This will significantly impact RLlib performance. To install lz4, run `pip install lz4`.
2026-07-17 17:26:55,741	WARNING ppo.py:557 -- The mean reward returned from the environment is 12.21544075012207 but the vf_clip_param is set to 10.0. Consider increasing it for policy: shared_policy to improve value function convergence.
Traceback (most recent call last):
  File "/d/hpc/home/cs67685/nba_thesis/free_agency_refactor/train.py", line 304, in <module>
KeyError: 'episodes_this_iter'
