==========================================================
 Starting RLlib Training Pipeline via SLURM
 Job ID:        17597590
 Node Name:     gwn03
 Script:        train.py
 Time:          Sat Jul 18 12:30:00 AM CEST 2026
==========================================================
-> Standard output is routing to: ./logs/train_17597590.log
-> Errors/Warnings are routing to: ./logs/train_17597590.err
==========================================================
---- nvidia-smi ----
Sat Jul 18 00:30:00 2026       
+-----------------------------------------------------------------------------------------+
| NVIDIA-SMI 610.43.02              KMD Version: 610.43.02     CUDA UMD Version: 13.3     |
+-----------------------------------------+------------------------+----------------------+
| GPU  Name                 Persistence-M | Bus-Id          Disp.A | Volatile Uncorr. ECC |
| Fan  Temp   Perf          Pwr:Usage/Cap |           Memory-Usage | GPU-Util  Compute M. |
|                                         |                        |               MIG M. |
|=========================================+========================+======================|
|   0  NVIDIA H100 PCIe               On  |   00000000:A1:00.0 Off |                    0 |
| N/A   33C    P0             48W /  350W |       0MiB /  81559MiB |      0%      Default |
|                                         |                        |             Disabled |
+-----------------------------------------+------------------------+----------------------+

+-----------------------------------------------------------------------------------------+
| Processes:                                                                              |
|  GPU   GI   CI              PID   Type   Process name                        GPU Memory |
|        ID   ID                                                               Usage      |
|=========================================================================================|
|  No running processes found                                                             |
+-----------------------------------------------------------------------------------------+
---- CUDA_VISIBLE_DEVICES ----
0
torch version: 2.13.0+cu126
torch.cuda.is_available(): True
torch built with CUDA: 12.6
device count: 1
{'CPU': 64.0, 'node:__internal_head__': 1.0, 'node:153.5.72.233': 1.0, 'accelerator_type:H100': 1.0, 'GPU': 1.0, 'memory': 186169632768.0, 'object_store_memory': 79786985472.0}
{'node:153.5.72.233': 1.0, 'node:__internal_head__': 1.0, 'CPU': 64.0, 'accelerator_type:H100': 1.0, 'GPU': 1.0, 'memory': 186169632768.0, 'object_store_memory': 79786985472.0}
Now I set num_gpus = 1
{'node:153.5.72.233': 1.0, 'node:__internal_head__': 1.0, 'CPU': 64.0, 'memory': 186165676032.0, 'GPU': 1.0, 'accelerator_type:H100': 1.0, 'object_store_memory': 79785289728.0}
{'CPU': 64.0, 'node:__internal_head__': 1.0, 'node:153.5.72.233': 1.0, 'memory': 186165676032.0, 'GPU': 1.0, 'accelerator_type:H100': 1.0, 'object_store_memory': 79785289728.0}
Shutting down ray.
Ray has been shutdown. The real work starts NOW
[36m(RolloutWorker pid=340491)[0m ORIG SPACE KEYS: ['action_mask', 'has_history', 'my_team', 'player_market', 'standing', 'team_salary', 'win_pct']
ORIG SPACE KEYS: ['action_mask', 'has_history', 'my_team', 'player_market', 'standing', 'team_salary', 'win_pct']
Training has started!
Training in iteration 0
[36m(RolloutWorker pid=340491)[0m 
[36m(RolloutWorker pid=340491)[0m --- Welcome to Season 0 Free Agency! ---
[36m(RolloutWorker pid=340491)[0m --- Final Cumulative Rewards (Direct Inspection) ---
[36m(RolloutWorker pid=340491)[0m Placeholder Team 0       : 0.0000
[36m(RolloutWorker pid=340491)[0m Placeholder Team 1       : 0.0000
[36m(RolloutWorker pid=340491)[0m Placeholder Team 2       : 0.0000
[36m(RolloutWorker pid=340491)[0m Placeholder Team 3       : 0.0000
[36m(RolloutWorker pid=340491)[0m Placeholder Team 4       : 0.0000
[36m(RolloutWorker pid=340491)[0m Placeholder Team 5       : 0.0000
[36m(RolloutWorker pid=340491)[0m Placeholder Team 6       : 0.0000
[36m(RolloutWorker pid=340491)[0m Placeholder Team 7       : 0.0000
[36m(RolloutWorker pid=340491)[0m Placeholder Team 8       : 0.0000
[36m(RolloutWorker pid=340491)[0m Placeholder Team 9       : 0.0000
[36m(RolloutWorker pid=340491)[0m Placeholder Team 10      : 0.0000
[36m(RolloutWorker pid=340491)[0m Placeholder Team 11      : 0.0000
[36m(RolloutWorker pid=340491)[0m Placeholder Team 12      : 0.0000
[36m(RolloutWorker pid=340491)[0m Placeholder Team 13      : 0.0000
[36m(RolloutWorker pid=340491)[0m Placeholder Team 14      : 0.0000
[36m(RolloutWorker pid=340491)[0m Placeholder Team 15      : 0.0000
[36m(RolloutWorker pid=340491)[0m Placeholder Team 16      : 0.0000
[36m(RolloutWorker pid=340491)[0m Placeholder Team 17      : 0.0000
[36m(RolloutWorker pid=340491)[0m Placeholder Team 18      : 0.0000
[36m(RolloutWorker pid=340491)[0m Placeholder Team 19      : 0.0000
[36m(RolloutWorker pid=340491)[0m Placeholder Team 20      : 0.0000
[36m(RolloutWorker pid=340491)[0m Placeholder Team 21      : 0.0000
[36m(RolloutWorker pid=340491)[0m Placeholder Team 22      : 0.0000
[36m(RolloutWorker pid=340491)[0m Placeholder Team 23      : 0.0000
[36m(RolloutWorker pid=340491)[0m Placeholder Team 24      : 0.0000
[36m(RolloutWorker pid=340491)[0m Placeholder Team 25      : 0.0000
[36m(RolloutWorker pid=340491)[0m Placeholder Team 26      : 0.0000
[36m(RolloutWorker pid=340491)[0m Placeholder Team 27      : 0.0000
[36m(RolloutWorker pid=340491)[0m Placeholder Team 28      : 0.0000
[36m(RolloutWorker pid=340491)[0m Placeholder Team 29      : 0.0000
[36m(RolloutWorker pid=340491)[0m --- Final Cumulative Rewards (Direct Inspection) ---
[36m(RolloutWorker pid=340491)[0m Placeholder Team 0       : 0.0000
[36m(RolloutWorker pid=340491)[0m Placeholder Team 1       : 0.0000
[36m(RolloutWorker pid=340491)[0m Placeholder Team 2       : 0.0000
[36m(RolloutWorker pid=340491)[0m Placeholder Team 3       : 0.0000
[36m(RolloutWorker pid=340491)[0m Placeholder Team 4       : 0.0000
[36m(RolloutWorker pid=340491)[0m Placeholder Team 5       : 0.0000
[36m(RolloutWorker pid=340491)[0m Placeholder Team 6       : 0.0000
[36m(RolloutWorker pid=340491)[0m Placeholder Team 7       : 0.0000
[36m(RolloutWorker pid=340491)[0m Placeholder Team 8       : 0.0000
[36m(RolloutWorker pid=340491)[0m Placeholder Team 9       : 0.0000
[36m(RolloutWorker pid=340491)[0m Placeholder Team 10      : 0.0000
[36m(RolloutWorker pid=340491)[0m Placeholder Team 11      : 0.0000
[36m(RolloutWorker pid=340491)[0m Placeholder Team 12      : 0.0000
[36m(RolloutWorker pid=340491)[0m Placeholder Team 13      : 0.0000
[36m(RolloutWorker pid=340491)[0m Placeholder Team 14      : 0.0000
[36m(RolloutWorker pid=340491)[0m Placeholder Team 15      : 0.0000
[36m(RolloutWorker pid=340491)[0m Placeholder Team 16      : 0.0000
[36m(RolloutWorker pid=340491)[0m Placeholder Team 17      : 0.0000
[36m(RolloutWorker pid=340491)[0m Placeholder Team 18      : 0.0000
[36m(RolloutWorker pid=340491)[0m Placeholder Team 19      : 0.0000
[36m(RolloutWorker pid=340491)[0m Placeholder Team 20      : 0.0000
[36m(RolloutWorker pid=340491)[0m Placeholder Team 21      : 0.0000
[36m(RolloutWorker pid=340491)[0m Placeholder Team 22      : 0.0000
[36m(RolloutWorker pid=340491)[0m Placeholder Team 23      : 0.0000
[36m(RolloutWorker pid=340491)[0m Placeholder Team 24      : 0.0000
[36m(RolloutWorker pid=340491)[0m Placeholder Team 25      : 0.0000
[36m(RolloutWorker pid=340491)[0m Placeholder Team 26      : 0.0000
[36m(RolloutWorker pid=340491)[0m Placeholder Team 27      : 0.0000
[36m(RolloutWorker pid=340491)[0m Placeholder Team 28      : 0.0000
[36m(RolloutWorker pid=340491)[0m Placeholder Team 29      : 0.0000
[36m(RolloutWorker pid=340491)[0m --- Final Cumulative Rewards (Direct Inspection) ---
[36m(RolloutWorker pid=340491)[0m Placeholder Team 0       : 0.0000
[36m(RolloutWorker pid=340491)[0m Placeholder Team 1       : 0.0000
[36m(RolloutWorker pid=340491)[0m Placeholder Team 2       : 0.0000
[36m(RolloutWorker pid=340491)[0m Placeholder Team 3       : 0.0000
[36m(RolloutWorker pid=340491)[0m Placeholder Team 4       : 0.0000
[36m(RolloutWorker pid=340491)[0m Placeholder Team 5       : 0.0000
[36m(RolloutWorker pid=340491)[0m Placeholder Team 6       : 0.0000
[36m(RolloutWorker pid=340491)[0m Placeholder Team 7       : 0.0000
[36m(RolloutWorker pid=340491)[0m Placeholder Team 8       : 0.0000
[36m(RolloutWorker pid=340491)[0m Placeholder Team 9       : 0.0000
[36m(RolloutWorker pid=340491)[0m Placeholder Team 10      : 0.0000
[36m(RolloutWorker pid=340491)[0m Placeholder Team 11      : 0.0000
[36m(RolloutWorker pid=340491)[0m Placeholder Team 12      : 0.0000
[36m(RolloutWorker pid=340491)[0m Placeholder Team 13      : 0.0000
[36m(RolloutWorker pid=340491)[0m Placeholder Team 14      : 0.0000
[36m(RolloutWorker pid=340491)[0m Placeholder Team 15      : 0.0000
[36m(RolloutWorker pid=340491)[0m Placeholder Team 16      : 0.0000
[36m(RolloutWorker pid=340491)[0m Placeholder Team 17      : 0.0000
[36m(RolloutWorker pid=340491)[0m Placeholder Team 18      : 0.0000
[36m(RolloutWorker pid=340491)[0m Placeholder Team 19      : 0.0000
[36m(RolloutWorker pid=340491)[0m Placeholder Team 20      : 0.0000
[36m(RolloutWorker pid=340491)[0m Placeholder Team 21      : 0.0000
[36m(RolloutWorker pid=340491)[0m Placeholder Team 22      : 0.0000
[36m(RolloutWorker pid=340491)[0m Placeholder Team 23      : 0.0000
[36m(RolloutWorker pid=340491)[0m Placeholder Team 24      : 0.0000
[36m(RolloutWorker pid=340491)[0m Placeholder Team 25      : 0.0000
[36m(RolloutWorker pid=340491)[0m Placeholder Team 26      : 0.0000
[36m(RolloutWorker pid=340491)[0m Placeholder Team 27      : 0.0000
[36m(RolloutWorker pid=340491)[0m Placeholder Team 28      : 0.0000
[36m(RolloutWorker pid=340491)[0m Placeholder Team 29      : 0.0000
[36m(RolloutWorker pid=340491)[0m --- Final Cumulative Rewards (Direct Inspection) ---
[36m(RolloutWorker pid=340491)[0m Placeholder Team 0       : 0.0000
[36m(RolloutWorker pid=340491)[0m Placeholder Team 1       : 0.0000
[36m(RolloutWorker pid=340491)[0m Placeholder Team 2       : 0.0000
[36m(RolloutWorker pid=340491)[0m Placeholder Team 3       : 0.0000
[36m(RolloutWorker pid=340491)[0m Placeholder Team 4       : 0.0000
[36m(RolloutWorker pid=340491)[0m Placeholder Team 5       : 0.0000
[36m(RolloutWorker pid=340491)[0m Placeholder Team 6       : 0.0000
[36m(RolloutWorker pid=340491)[0m Placeholder Team 7       : 0.0000
[36m(RolloutWorker pid=340491)[0m Placeholder Team 8       : 0.0000
[36m(RolloutWorker pid=340491)[0m Placeholder Team 9       : 0.0000
[36m(RolloutWorker pid=340491)[0m Placeholder Team 10      : 0.0000
[36m(RolloutWorker pid=340491)[0m Placeholder Team 11      : 0.0000
[36m(RolloutWorker pid=340491)[0m Placeholder Team 12      : 0.0000
[36m(RolloutWorker pid=340491)[0m Placeholder Team 13      : 0.0000
[36m(RolloutWorker pid=340491)[0m Placeholder Team 14      : 0.0000
[36m(RolloutWorker pid=340491)[0m Placeholder Team 15      : 0.0000
[36m(RolloutWorker pid=340491)[0m Placeholder Team 16      : 0.0000
[36m(RolloutWorker pid=340491)[0m Placeholder Team 17      : 0.0000
[36m(RolloutWorker pid=340491)[0m Placeholder Team 18      : 0.0000
[36m(RolloutWorker pid=340491)[0m Placeholder Team 19      : 0.0000
[36m(RolloutWorker pid=340491)[0m Placeholder Team 20      : 0.0000
[36m(RolloutWorker pid=340491)[0m Placeholder Team 21      : 0.0000
[36m(RolloutWorker pid=340491)[0m Placeholder Team 22      : 0.0000
[36m(RolloutWorker pid=340491)[0m Placeholder Team 23      : 0.0000
[36m(RolloutWorker pid=340491)[0m Placeholder Team 24      : 0.0000
[36m(RolloutWorker pid=340491)[0m Placeholder Team 25      : 0.0000
[36m(RolloutWorker pid=340491)[0m Placeholder Team 26      : 0.0000
[36m(RolloutWorker pid=340491)[0m Placeholder Team 27      : 0.0000
[36m(RolloutWorker pid=340491)[0m Placeholder Team 28      : 0.0000
[36m(RolloutWorker pid=340491)[0m Placeholder Team 29      : 0.0000
[36m(RolloutWorker pid=340491)[0m --- Final Cumulative Rewards (Direct Inspection) ---
[36m(RolloutWorker pid=340491)[0m Placeholder Team 0       : 0.0000
[36m(RolloutWorker pid=340491)[0m Placeholder Team 1       : 0.0000
[36m(RolloutWorker pid=340491)[0m Placeholder Team 2       : 0.0000
[36m(RolloutWorker pid=340491)[0m Placeholder Team 3       : 0.0000
[36m(RolloutWorker pid=340491)[0m Placeholder Team 4       : 0.0000
[36m(RolloutWorker pid=340491)[0m Placeholder Team 5       : 0.0000
[36m(RolloutWorker pid=340491)[0m Placeholder Team 6       : 0.0000
[36m(RolloutWorker pid=340491)[0m Placeholder Team 7       : 0.0000
[36m(RolloutWorker pid=340491)[0m Placeholder Team 8       : 0.0000
[36m(RolloutWorker pid=340491)[0m Placeholder Team 9       : 0.0000
[36m(RolloutWorker pid=340491)[0m Placeholder Team 10      : 0.0000
[36m(RolloutWorker pid=340491)[0m Placeholder Team 11      : 0.0000
[36m(RolloutWorker pid=340491)[0m Placeholder Team 12      : 0.0000
[36m(RolloutWorker pid=340491)[0m Placeholder Team 13      : 0.0000
[36m(RolloutWorker pid=340491)[0m Placeholder Team 14      : 0.0000
[36m(RolloutWorker pid=340491)[0m Placeholder Team 15      : 0.0000
[36m(RolloutWorker pid=340491)[0m Placeholder Team 16      : 0.0000
[36m(RolloutWorker pid=340491)[0m Placeholder Team 17      : 0.0000
[36m(RolloutWorker pid=340491)[0m Placeholder Team 18      : 0.0000
[36m(RolloutWorker pid=340491)[0m Placeholder Team 19      : 0.0000
[36m(RolloutWorker pid=340491)[0m Placeholder Team 20      : 0.0000
[36m(RolloutWorker pid=340491)[0m Placeholder Team 21      : 0.0000
[36m(RolloutWorker pid=340491)[0m Placeholder Team 22      : 0.0000
[36m(RolloutWorker pid=340491)[0m Placeholder Team 23      : 0.0000
[36m(RolloutWorker pid=340491)[0m Placeholder Team 24      : 0.0000
[36m(RolloutWorker pid=340491)[0m Placeholder Team 25      : 0.0000
[36m(RolloutWorker pid=340491)[0m Placeholder Team 26      : 0.0000
[36m(RolloutWorker pid=340491)[0m Placeholder Team 27      : 0.0000
[36m(RolloutWorker pid=340491)[0m Placeholder Team 28      : 0.0000
[36m(RolloutWorker pid=340491)[0m Placeholder Team 29      : 0.0000
[36m(RolloutWorker pid=340491)[0m --- Final Cumulative Rewards (Direct Inspection) ---
[36m(RolloutWorker pid=340491)[0m Placeholder Team 0       : 0.0000
[36m(RolloutWorker pid=340491)[0m Placeholder Team 1       : 0.0000
[36m(RolloutWorker pid=340491)[0m Placeholder Team 2       : 0.0000
[36m(RolloutWorker pid=340491)[0m Placeholder Team 3       : 0.0000
[36m(RolloutWorker pid=340491)[0m Placeholder Team 4       : 0.0000
[36m(RolloutWorker pid=340491)[0m Placeholder Team 5       : 0.0000
[36m(RolloutWorker pid=340491)[0m Placeholder Team 6       : 0.0000
[36m(RolloutWorker pid=340491)[0m Placeholder Team 7       : 0.0000
[36m(RolloutWorker pid=340491)[0m Placeholder Team 8       : 0.0000
[36m(RolloutWorker pid=340491)[0m Placeholder Team 9       : 0.0000
[36m(RolloutWorker pid=340491)[0m Placeholder Team 10      : 0.0000
[36m(RolloutWorker pid=340491)[0m Placeholder Team 11      : 0.0000
[36m(RolloutWorker pid=340491)[0m Placeholder Team 12      : 0.0000
[36m(RolloutWorker pid=340491)[0m Placeholder Team 13      : 0.0000
[36m(RolloutWorker pid=340491)[0m Placeholder Team 14      : 0.0000
[36m(RolloutWorker pid=340491)[0m Placeholder Team 15      : 0.0000
[36m(RolloutWorker pid=340491)[0m Placeholder Team 16      : 0.0000
[36m(RolloutWorker pid=340491)[0m Placeholder Team 17      : 0.0000
[36m(RolloutWorker pid=340491)[0m Placeholder Team 18      : 0.0000
[36m(RolloutWorker pid=340491)[0m Placeholder Team 19      : 0.0000
[36m(RolloutWorker pid=340491)[0m Placeholder Team 20      : 0.0000
[36m(RolloutWorker pid=340491)[0m Placeholder Team 21      : 0.0000
[36m(RolloutWorker pid=340491)[0m Placeholder Team 22      : 0.0000
[36m(RolloutWorker pid=340491)[0m Placeholder Team 23      : 0.0000
[36m(RolloutWorker pid=340491)[0m Placeholder Team 24      : 0.0000
[36m(RolloutWorker pid=340491)[0m Placeholder Team 25      : 0.0000
[36m(RolloutWorker pid=340491)[0m Placeholder Team 26      : 0.0000
[36m(RolloutWorker pid=340491)[0m Placeholder Team 27      : 0.0000
[36m(RolloutWorker pid=340491)[0m Placeholder Team 28      : 0.0000
[36m(RolloutWorker pid=340491)[0m Placeholder Team 29      : 0.0000
[36m(RolloutWorker pid=340491)[0m --- Final Cumulative Rewards (Direct Inspection) ---
[36m(RolloutWorker pid=340491)[0m Placeholder Team 0       : 0.0000
[36m(RolloutWorker pid=340491)[0m Placeholder Team 1       : 0.0000
[36m(RolloutWorker pid=340491)[0m Placeholder Team 2       : 0.0000
[36m(RolloutWorker pid=340491)[0m Placeholder Team 3       : 0.0000
[36m(RolloutWorker pid=340491)[0m Placeholder Team 4       : 0.0000
[36m(RolloutWorker pid=340491)[0m Placeholder Team 5       : 0.0000
[36m(RolloutWorker pid=340491)[0m Placeholder Team 6       : 0.0000
[36m(RolloutWorker pid=340491)[0m Placeholder Team 7       : 0.0000
[36m(RolloutWorker pid=340491)[0m Placeholder Team 8       : 0.0000
[36m(RolloutWorker pid=340491)[0m Placeholder Team 9       : 0.0000
[36m(RolloutWorker pid=340491)[0m Placeholder Team 10      : 0.0000
[36m(RolloutWorker pid=340491)[0m Placeholder Team 11      : 0.0000
[36m(RolloutWorker pid=340491)[0m Placeholder Team 12      : 0.0000
[36m(RolloutWorker pid=340491)[0m Placeholder Team 13      : 0.0000
[36m(RolloutWorker pid=340491)[0m Placeholder Team 14      : 0.0000
[36m(RolloutWorker pid=340491)[0m Placeholder Team 15      : 0.0000
[36m(RolloutWorker pid=340491)[0m Placeholder Team 16      : 0.0000
[36m(RolloutWorker pid=340491)[0m Placeholder Team 17      : 0.0000
[36m(RolloutWorker pid=340491)[0m Placeholder Team 18      : 0.0000
[36m(RolloutWorker pid=340491)[0m Placeholder Team 19      : 0.0000
[36m(RolloutWorker pid=340491)[0m Placeholder Team 20      : 0.0000
[36m(RolloutWorker pid=340491)[0m Placeholder Team 21      : 0.0000
[36m(RolloutWorker pid=340491)[0m Placeholder Team 22      : 0.0000
[36m(RolloutWorker pid=340491)[0m Placeholder Team 23      : 0.0000
[36m(RolloutWorker pid=340491)[0m Placeholder Team 24      : 0.0000
[36m(RolloutWorker pid=340491)[0m Placeholder Team 25      : 0.0000
[36m(RolloutWorker pid=340491)[0m Placeholder Team 26      : 0.0000
[36m(RolloutWorker pid=340491)[0m Placeholder Team 27      : 0.0000
[36m(RolloutWorker pid=340491)[0m Placeholder Team 28      : 0.0000
[36m(RolloutWorker pid=340491)[0m Placeholder Team 29      : 0.0000
[36m(RolloutWorker pid=340491)[0m --- Final Cumulative Rewards (Direct Inspection) ---
[36m(RolloutWorker pid=340491)[0m Placeholder Team 0       : 0.0000
[36m(RolloutWorker pid=340491)[0m Placeholder Team 1       : 0.0000
[36m(RolloutWorker pid=340491)[0m Placeholder Team 2       : 0.0000
[36m(RolloutWorker pid=340491)[0m Placeholder Team 3       : 0.0000
[36m(RolloutWorker pid=340491)[0m Placeholder Team 4       : 0.0000
[36m(RolloutWorker pid=340491)[0m Placeholder Team 5       : 0.0000
[36m(RolloutWorker pid=340491)[0m Placeholder Team 6       : 0.0000
[36m(RolloutWorker pid=340491)[0m Placeholder Team 7       : 0.0000
[36m(RolloutWorker pid=340491)[0m Placeholder Team 8       : 0.0000
[36m(RolloutWorker pid=340491)[0m Placeholder Team 9       : 0.0000
[36m(RolloutWorker pid=340491)[0m Placeholder Team 10      : 0.0000
[36m(RolloutWorker pid=340491)[0m Placeholder Team 11      : 0.0000
[36m(RolloutWorker pid=340491)[0m Placeholder Team 12      : 0.0000
[36m(RolloutWorker pid=340491)[0m Placeholder Team 13      : 0.0000
[36m(RolloutWorker pid=340491)[0m Placeholder Team 14      : 0.0000
[36m(RolloutWorker pid=340491)[0m Placeholder Team 15      : 0.0000
[36m(RolloutWorker pid=340491)[0m Placeholder Team 16      : 0.0000
[36m(RolloutWorker pid=340491)[0m Placeholder Team 17      : 0.0000
[36m(RolloutWorker pid=340491)[0m Placeholder Team 18      : 0.0000
[36m(RolloutWorker pid=340491)[0m Placeholder Team 19      : 0.0000
[36m(RolloutWorker pid=340491)[0m Placeholder Team 20      : 0.0000
[36m(RolloutWorker pid=340491)[0m Placeholder Team 21      : 0.0000
[36m(RolloutWorker pid=340491)[0m Placeholder Team 22      : 0.0000
[36m(RolloutWorker pid=340491)[0m Placeholder Team 23      : 0.0000
[36m(RolloutWorker pid=340491)[0m Placeholder Team 24      : 0.0000
[36m(RolloutWorker pid=340491)[0m Placeholder Team 25      : 0.0000
[36m(RolloutWorker pid=340491)[0m Placeholder Team 26      : 0.0000
[36m(RolloutWorker pid=340491)[0m Placeholder Team 27      : 0.0000
[36m(RolloutWorker pid=340491)[0m Placeholder Team 28      : 0.0000
[36m(RolloutWorker pid=340491)[0m Placeholder Team 29      : 0.0000
[36m(RolloutWorker pid=340491)[0m --- Final Cumulative Rewards (Direct Inspection) ---
[36m(RolloutWorker pid=340491)[0m Placeholder Team 0       : 0.0000
[36m(RolloutWorker pid=340491)[0m Placeholder Team 1       : 0.0000
[36m(RolloutWorker pid=340491)[0m Placeholder Team 2       : 0.0000
[36m(RolloutWorker pid=340491)[0m Placeholder Team 3       : 0.0000
[36m(RolloutWorker pid=340491)[0m Placeholder Team 4       : 0.0000
[36m(RolloutWorker pid=340491)[0m Placeholder Team 5       : 0.0000
[36m(RolloutWorker pid=340491)[0m Placeholder Team 6       : 0.0000
[36m(RolloutWorker pid=340491)[0m Placeholder Team 7       : 0.0000
[36m(RolloutWorker pid=340491)[0m Placeholder Team 8       : 0.0000
[36m(RolloutWorker pid=340491)[0m Placeholder Team 9       : 0.0000
[36m(RolloutWorker pid=340491)[0m Placeholder Team 10      : 0.0000
[36m(RolloutWorker pid=340491)[0m Placeholder Team 11      : 0.0000
[36m(RolloutWorker pid=340491)[0m Placeholder Team 12      : 0.0000
[36m(RolloutWorker pid=340491)[0m Placeholder Team 13      : 0.0000
[36m(RolloutWorker pid=340491)[0m Placeholder Team 14      : 0.0000
[36m(RolloutWorker pid=340491)[0m Placeholder Team 15      : 0.0000
[36m(RolloutWorker pid=340491)[0m Placeholder Team 16      : 0.0000
[36m(RolloutWorker pid=340491)[0m Placeholder Team 17      : 0.0000
[36m(RolloutWorker pid=340491)[0m Placeholder Team 18      : 0.0000
[36m(RolloutWorker pid=340491)[0m Placeholder Team 19      : 0.0000
[36m(RolloutWorker pid=340491)[0m Placeholder Team 20      : 0.0000
[36m(RolloutWorker pid=340491)[0m Placeholder Team 21      : 0.0000
[36m(RolloutWorker pid=340491)[0m Placeholder Team 22      : 0.0000
[36m(RolloutWorker pid=340491)[0m Placeholder Team 23      : 0.0000
[36m(RolloutWorker pid=340491)[0m Placeholder Team 24      : 0.0000
[36m(RolloutWorker pid=340491)[0m Placeholder Team 25      : 0.0000
[36m(RolloutWorker pid=340491)[0m Placeholder Team 26      : 0.0000
[36m(RolloutWorker pid=340491)[0m Placeholder Team 27      : 0.0000
[36m(RolloutWorker pid=340491)[0m Placeholder Team 28      : 0.0000
[36m(RolloutWorker pid=340491)[0m Placeholder Team 29      : 0.0000
[36m(RolloutWorker pid=340491)[0m --- Final Cumulative Rewards (Direct Inspection) ---
[36m(RolloutWorker pid=340491)[0m Placeholder Team 0       : 0.0000
[36m(RolloutWorker pid=340491)[0m Placeholder Team 1       : 0.0000
[36m(RolloutWorker pid=340491)[0m Placeholder Team 2       : 0.0000
[36m(RolloutWorker pid=340491)[0m Placeholder Team 3       : 0.0000
[36m(RolloutWorker pid=340491)[0m Placeholder Team 4       : 0.0000
[36m(RolloutWorker pid=340491)[0m Placeholder Team 5       : 0.0000
[36m(RolloutWorker pid=340491)[0m Placeholder Team 6       : 0.0000
[36m(RolloutWorker pid=340491)[0m Placeholder Team 7       : 0.0000
[36m(RolloutWorker pid=340491)[0m Placeholder Team 8       : 0.0000
[36m(RolloutWorker pid=340491)[0m Placeholder Team 9       : 0.0000
[36m(RolloutWorker pid=340491)[0m Placeholder Team 10      : 0.0000
[36m(RolloutWorker pid=340491)[0m Placeholder Team 11      : 0.0000
[36m(RolloutWorker pid=340491)[0m Placeholder Team 12      : 0.0000
[36m(RolloutWorker pid=340491)[0m Placeholder Team 13      : 0.0000
[36m(RolloutWorker pid=340491)[0m Placeholder Team 14      : 0.0000
[36m(RolloutWorker pid=340491)[0m Placeholder Team 15      : 0.0000
[36m(RolloutWorker pid=340491)[0m Placeholder Team 16      : 0.0000
[36m(RolloutWorker pid=340491)[0m Placeholder Team 17      : 0.0000
[36m(RolloutWorker pid=340491)[0m Placeholder Team 18      : 0.0000
[36m(RolloutWorker pid=340491)[0m Placeholder Team 19      : 0.0000
[36m(RolloutWorker pid=340491)[0m Placeholder Team 20      : 0.0000
[36m(RolloutWorker pid=340491)[0m Placeholder Team 21      : 0.0000
[36m(RolloutWorker pid=340491)[0m Placeholder Team 22      : 0.0000
[36m(RolloutWorker pid=340491)[0m Placeholder Team 23      : 0.0000
[36m(RolloutWorker pid=340491)[0m Placeholder Team 24      : 0.0000
[36m(RolloutWorker pid=340491)[0m Placeholder Team 25      : 0.0000
[36m(RolloutWorker pid=340491)[0m Placeholder Team 26      : 0.0000
[36m(RolloutWorker pid=340491)[0m Placeholder Team 27      : 0.0000
[36m(RolloutWorker pid=340491)[0m Placeholder Team 28      : 0.0000
[36m(RolloutWorker pid=340491)[0m Placeholder Team 29      : 0.0000
[36m(RolloutWorker pid=340491)[0m --- Final Cumulative Rewards (Direct Inspection) ---
[36m(RolloutWorker pid=340491)[0m Placeholder Team 0       : 0.0000
[36m(RolloutWorker pid=340491)[0m Placeholder Team 1       : 0.0000
[36m(RolloutWorker pid=340491)[0m Placeholder Team 2       : 0.0000
[36m(RolloutWorker pid=340491)[0m Placeholder Team 3       : 0.0000
[36m(RolloutWorker pid=340491)[0m Placeholder Team 4       : 0.0000
[36m(RolloutWorker pid=340491)[0m Placeholder Team 5       : 0.0000
[36m(RolloutWorker pid=340491)[0m Placeholder Team 6       : 0.0000
[36m(RolloutWorker pid=340491)[0m Placeholder Team 7       : 0.0000
[36m(RolloutWorker pid=340491)[0m Placeholder Team 8       : 0.0000
[36m(RolloutWorker pid=340491)[0m Placeholder Team 9       : 0.0000
[36m(RolloutWorker pid=340491)[0m Placeholder Team 10      : 0.0000
[36m(RolloutWorker pid=340491)[0m Placeholder Team 11      : 0.0000
[36m(RolloutWorker pid=340491)[0m Placeholder Team 12      : 0.0000
[36m(RolloutWorker pid=340491)[0m Placeholder Team 13      : 0.0000
[36m(RolloutWorker pid=340491)[0m Placeholder Team 14      : 0.0000
[36m(RolloutWorker pid=340491)[0m Placeholder Team 15      : 0.0000
[36m(RolloutWorker pid=340491)[0m Placeholder Team 16      : 0.0000
[36m(RolloutWorker pid=340491)[0m Placeholder Team 17      : 0.0000
[36m(RolloutWorker pid=340491)[0m Placeholder Team 18      : 0.0000
[36m(RolloutWorker pid=340491)[0m Placeholder Team 19      : 0.0000
[36m(RolloutWorker pid=340491)[0m Placeholder Team 20      : 0.0000
[36m(RolloutWorker pid=340491)[0m Placeholder Team 21      : 0.0000
[36m(RolloutWorker pid=340491)[0m Placeholder Team 22      : 0.0000
[36m(RolloutWorker pid=340491)[0m Placeholder Team 23      : 0.0000
[36m(RolloutWorker pid=340491)[0m Placeholder Team 24      : 0.0000
[36m(RolloutWorker pid=340491)[0m Placeholder Team 25      : 0.0000
[36m(RolloutWorker pid=340491)[0m Placeholder Team 26      : 0.0000
[36m(RolloutWorker pid=340491)[0m Placeholder Team 27      : 0.0000
[36m(RolloutWorker pid=340491)[0m Placeholder Team 28      : 0.0000
[36m(RolloutWorker pid=340491)[0m Placeholder Team 29      : 0.0000
[36m(RolloutWorker pid=340491)[0m --- Final Cumulative Rewards (Direct Inspection) ---
[36m(RolloutWorker pid=340491)[0m Placeholder Team 0       : 0.0000
[36m(RolloutWorker pid=340491)[0m Placeholder Team 1       : 0.0000
[36m(RolloutWorker pid=340491)[0m Placeholder Team 2       : 0.0000
[36m(RolloutWorker pid=340491)[0m Placeholder Team 3       : 0.0000
[36m(RolloutWorker pid=340491)[0m Placeholder Team 4       : 0.0000
[36m(RolloutWorker pid=340491)[0m Placeholder Team 5       : 0.0000
[36m(RolloutWorker pid=340491)[0m Placeholder Team 6       : 0.0000
[36m(RolloutWorker pid=340491)[0m Placeholder Team 7       : 0.0000
[36m(RolloutWorker pid=340491)[0m Placeholder Team 8       : 0.0000
[36m(RolloutWorker pid=340491)[0m Placeholder Team 9       : 0.0000
[36m(RolloutWorker pid=340491)[0m Placeholder Team 10      : 0.0000
[36m(RolloutWorker pid=340491)[0m Placeholder Team 11      : 0.0000
[36m(RolloutWorker pid=340491)[0m Placeholder Team 12      : 0.0000
[36m(RolloutWorker pid=340491)[0m Placeholder Team 13      : 0.0000
[36m(RolloutWorker pid=340491)[0m Placeholder Team 14      : 0.0000
[36m(RolloutWorker pid=340491)[0m Placeholder Team 15      : 0.0000
[36m(RolloutWorker pid=340491)[0m Placeholder Team 16      : 0.0000
[36m(RolloutWorker pid=340491)[0m Placeholder Team 17      : 0.0000
[36m(RolloutWorker pid=340491)[0m Placeholder Team 18      : 0.0000
[36m(RolloutWorker pid=340491)[0m Placeholder Team 19      : 0.0000
[36m(RolloutWorker pid=340491)[0m Placeholder Team 20      : 0.0000
[36m(RolloutWorker pid=340491)[0m Placeholder Team 21      : 0.0000
[36m(RolloutWorker pid=340491)[0m Placeholder Team 22      : 0.0000
[36m(RolloutWorker pid=340491)[0m Placeholder Team 23      : 0.0000
[36m(RolloutWorker pid=340491)[0m Placeholder Team 24      : 0.0000
[36m(RolloutWorker pid=340491)[0m Placeholder Team 25      : 0.0000
[36m(RolloutWorker pid=340491)[0m Placeholder Team 26      : 0.0000
[36m(RolloutWorker pid=340491)[0m Placeholder Team 27      : 0.0000
[36m(RolloutWorker pid=340491)[0m Placeholder Team 28      : 0.0000
[36m(RolloutWorker pid=340491)[0m Placeholder Team 29      : 0.0000
[36m(RolloutWorker pid=340491)[0m --- Final Cumulative Rewards (Direct Inspection) ---
[36m(RolloutWorker pid=340491)[0m Placeholder Team 0       : 0.0000
[36m(RolloutWorker pid=340491)[0m Placeholder Team 1       : 0.0000
[36m(RolloutWorker pid=340491)[0m Placeholder Team 2       : 0.0000
[36m(RolloutWorker pid=340491)[0m Placeholder Team 3       : 0.0000
[36m(RolloutWorker pid=340491)[0m Placeholder Team 4       : 0.0000
[36m(RolloutWorker pid=340491)[0m Placeholder Team 5       : 0.0000
[36m(RolloutWorker pid=340491)[0m Placeholder Team 6       : 0.0000
[36m(RolloutWorker pid=340491)[0m Placeholder Team 7       : 0.0000
[36m(RolloutWorker pid=340491)[0m Placeholder Team 8       : 0.0000
[36m(RolloutWorker pid=340491)[0m Placeholder Team 9       : 0.0000
[36m(RolloutWorker pid=340491)[0m Placeholder Team 10      : 0.0000
[36m(RolloutWorker pid=340491)[0m Placeholder Team 11      : 0.0000
[36m(RolloutWorker pid=340491)[0m Placeholder Team 12      : 0.0000
[36m(RolloutWorker pid=340491)[0m Placeholder Team 13      : 0.0000
[36m(RolloutWorker pid=340491)[0m Placeholder Team 14      : 0.0000
[36m(RolloutWorker pid=340491)[0m Placeholder Team 15      : 0.0000
[36m(RolloutWorker pid=340491)[0m Placeholder Team 16      : 0.0000
[36m(RolloutWorker pid=340491)[0m Placeholder Team 17      : 0.0000
[36m(RolloutWorker pid=340491)[0m Placeholder Team 18      : 0.0000
[36m(RolloutWorker pid=340491)[0m Placeholder Team 19      : 0.0000
[36m(RolloutWorker pid=340491)[0m Placeholder Team 20      : 0.0000
[36m(RolloutWorker pid=340491)[0m Placeholder Team 21      : 0.0000
[36m(RolloutWorker pid=340491)[0m Placeholder Team 22      : 0.0000
[36m(RolloutWorker pid=340491)[0m Placeholder Team 23      : 0.0000
[36m(RolloutWorker pid=340491)[0m Placeholder Team 24      : 0.0000
[36m(RolloutWorker pid=340491)[0m Placeholder Team 25      : 0.0000
[36m(RolloutWorker pid=340491)[0m Placeholder Team 26      : 0.0000
[36m(RolloutWorker pid=340491)[0m Placeholder Team 27      : 0.0000
[36m(RolloutWorker pid=340491)[0m Placeholder Team 28      : 0.0000
[36m(RolloutWorker pid=340491)[0m Placeholder Team 29      : 0.0000
[36m(RolloutWorker pid=340491)[0m --- Final Cumulative Rewards (Direct Inspection) ---
[36m(RolloutWorker pid=340491)[0m Placeholder Team 0       : 0.0000
[36m(RolloutWorker pid=340491)[0m Placeholder Team 1       : 0.0000
[36m(RolloutWorker pid=340491)[0m Placeholder Team 2       : 0.0000
[36m(RolloutWorker pid=340491)[0m Placeholder Team 3       : 0.0000
[36m(RolloutWorker pid=340491)[0m Placeholder Team 4       : 0.0000
[36m(RolloutWorker pid=340491)[0m Placeholder Team 5       : 0.0000
[36m(RolloutWorker pid=340491)[0m Placeholder Team 6       : 0.0000
[36m(RolloutWorker pid=340491)[0m Placeholder Team 7       : 0.0000
[36m(RolloutWorker pid=340491)[0m Placeholder Team 8       : 0.0000
[36m(RolloutWorker pid=340491)[0m Placeholder Team 9       : 0.0000
[36m(RolloutWorker pid=340491)[0m Placeholder Team 10      : 0.0000
[36m(RolloutWorker pid=340491)[0m Placeholder Team 11      : 0.0000
[36m(RolloutWorker pid=340491)[0m Placeholder Team 12      : 0.0000
[36m(RolloutWorker pid=340491)[0m Placeholder Team 13      : 0.0000
[36m(RolloutWorker pid=340491)[0m Placeholder Team 14      : 0.0000
[36m(RolloutWorker pid=340491)[0m Placeholder Team 15      : 0.0000
[36m(RolloutWorker pid=340491)[0m Placeholder Team 16      : 0.0000
[36m(RolloutWorker pid=340491)[0m Placeholder Team 17      : 0.0000
[36m(RolloutWorker pid=340491)[0m Placeholder Team 18      : 0.0000
[36m(RolloutWorker pid=340491)[0m Placeholder Team 19      : 0.0000
[36m(RolloutWorker pid=340491)[0m Placeholder Team 20      : 0.0000
[36m(RolloutWorker pid=340491)[0m Placeholder Team 21      : 0.0000
[36m(RolloutWorker pid=340491)[0m Placeholder Team 22      : 0.0000
[36m(RolloutWorker pid=340491)[0m Placeholder Team 23      : 0.0000
[36m(RolloutWorker pid=340491)[0m Placeholder Team 24      : 0.0000
[36m(RolloutWorker pid=340491)[0m Placeholder Team 25      : 0.0000
[36m(RolloutWorker pid=340491)[0m Placeholder Team 26      : 0.0000
[36m(RolloutWorker pid=340491)[0m Placeholder Team 27      : 0.0000
[36m(RolloutWorker pid=340491)[0m Placeholder Team 28      : 0.0000
[36m(RolloutWorker pid=340491)[0m Placeholder Team 29      : 0.0000
[36m(RolloutWorker pid=340490)[0m ORIG SPACE KEYS: ['action_mask', 'has_history', 'my_team', 'player_market', 'standing', 'team_salary', 'win_pct']
[36m(RolloutWorker pid=340490)[0m 
[36m(RolloutWorker pid=340491)[0m 
[36m(RolloutWorker pid=340491)[0m 
[36m(RolloutWorker pid=340491)[0m 
[36m(RolloutWorker pid=340491)[0m Simulating Season 0!
[36m(RolloutWorker pid=340491)[0m 
[36m(RolloutWorker pid=340490)[0m 
[36m(RolloutWorker pid=340490)[0m 
[36m(RolloutWorker pid=340491)[0m 
[36m(RolloutWorker pid=340490)[0m 
[36m(RolloutWorker pid=340490)[0m 
[36m(RolloutWorker pid=340491)[0m 
[36m(RolloutWorker pid=340491)[0m 
[36m(RolloutWorker pid=340490)[0m 
[36m(RolloutWorker pid=340490)[0m 
[36m(RolloutWorker pid=340491)[0m 
[36m(RolloutWorker pid=340491)[0m 
[36m(RolloutWorker pid=340490)[0m 
[36m(RolloutWorker pid=340491)[0m 
[36m(RolloutWorker pid=340491)[0m 
[36m(RolloutWorker pid=340491)[0m 
[36m(RolloutWorker pid=340490)[0m 
[36m(RolloutWorker pid=340490)[0m 
[36m(RolloutWorker pid=340490)[0m 
[36m(RolloutWorker pid=340490)[0m 
[36m(RolloutWorker pid=340491)[0m 
[36m(RolloutWorker pid=340491)[0m 
[36m(RolloutWorker pid=340490)[0m 
[36m(RolloutWorker pid=340490)[0m 
[36m(RolloutWorker pid=340490)[0m 
[36m(RolloutWorker pid=340491)[0m 
[36m(RolloutWorker pid=340491)[0m 
[36m(RolloutWorker pid=340490)[0m 
[36m(RolloutWorker pid=340490)[0m 
[36m(RolloutWorker pid=340491)[0m 
[36m(RolloutWorker pid=340491)[0m 
[36m(RolloutWorker pid=340490)[0m 
[36m(RolloutWorker pid=340490)[0m 
[36m(RolloutWorker pid=340490)[0m --- Welcome to Season 7 Free Agency! ---[32m [repeated 14x across cluster] (Ray deduplicates logs by default. Set RAY_DEDUP_LOGS=0 to disable log deduplication, or see https://docs.ray.io/en/master/ray-observability/user-guides/configure-logging.html#log-deduplication for more options.)[0m
[36m(RolloutWorker pid=340491)[0m --- Final Cumulative Rewards (Direct Inspection) ---[32m [repeated 1852x across cluster][0m
[36m(RolloutWorker pid=340491)[0m Placeholder Team 29      : 16.9588[32m [repeated 55560x across cluster][0m
[36m(RolloutWorker pid=340491)[0m 
[36m(RolloutWorker pid=340491)[0m 
[36m(RolloutWorker pid=340490)[0m 
[36m(RolloutWorker pid=340490)[0m 
[36m(RolloutWorker pid=340490)[0m 
[36m(RolloutWorker pid=340490)[0m 
[36m(RolloutWorker pid=340491)[0m 
[36m(RolloutWorker pid=340491)[0m 
[36m(RolloutWorker pid=340490)[0m 
[36m(RolloutWorker pid=340491)[0m 
[36m(RolloutWorker pid=340491)[0m 
[36m(RolloutWorker pid=340491)[0m Simulating Season 8![32m [repeated 18x across cluster][0m
[36m(RolloutWorker pid=340490)[0m 
[36m(RolloutWorker pid=340491)[0m 
[36m(RolloutWorker pid=340491)[0m 
[36m(RolloutWorker pid=340490)[0m 
[36m(RolloutWorker pid=340490)[0m 
[36m(RolloutWorker pid=340490)[0m 
[36m(RolloutWorker pid=340491)[0m 
[36m(RolloutWorker pid=340490)[0m 
[36m(RolloutWorker pid=340491)[0m 
[36m(RolloutWorker pid=340491)[0m 
[36m(RolloutWorker pid=340490)[0m 
[36m(RolloutWorker pid=340490)[0m 
[36m(RolloutWorker pid=340490)[0m --- Welcome to Season 2 Free Agency! ---[32m [repeated 10x across cluster][0m
[36m(RolloutWorker pid=340491)[0m --- Final Cumulative Rewards (Direct Inspection) ---[32m [repeated 1545x across cluster][0m
[36m(RolloutWorker pid=340491)[0m Placeholder Team 29      : 12.1971[32m [repeated 46350x across cluster][0m
[36m(RolloutWorker pid=340490)[0m 
[36m(RolloutWorker pid=340490)[0m 
[36m(RolloutWorker pid=340491)[0m 
[36m(RolloutWorker pid=340490)[0m 
[36m(RolloutWorker pid=340491)[0m 
[36m(RolloutWorker pid=340491)[0m 
[36m(RolloutWorker pid=340491)[0m 
[36m(RolloutWorker pid=340490)[0m 
[36m(RolloutWorker pid=340490)[0m 
[36m(RolloutWorker pid=340490)[0m 
[36m(RolloutWorker pid=340491)[0m 
[36m(RolloutWorker pid=340491)[0m 
[36m(RolloutWorker pid=340490)[0m 
[36m(RolloutWorker pid=340490)[0m 
[36m(RolloutWorker pid=340490)[0m Simulating Season 4![32m [repeated 9x across cluster][0m
