2026-07-17 17:30:31,668	INFO worker.py:2015 -- Started a local Ray instance. View the dashboard at [1m[32mhttp://127.0.0.1:8265 [39m[22m
2026-07-17 17:30:43,124	INFO worker.py:2015 -- Started a local Ray instance. View the dashboard at [1m[32mhttp://127.0.0.1:8265 [39m[22m
2026-07-17 17:30:54,126	WARNING compression.py:17 -- lz4 not available, disabling sample compression. This will significantly impact RLlib performance. To install lz4, run `pip install lz4`.
2026-07-17 17:30:57,160	WARNING train.py:253 -- DeprecationWarning: `build` has been deprecated. Use `AlgorithmConfig.build_algo` instead. This will raise an error in the future!
2026-07-17 17:31:03,474	INFO worker.py:2015 -- Started a local Ray instance. View the dashboard at [1m[32mhttp://127.0.0.1:8265 [39m[22m
[2026-07-17 17:31:07,720 E 305414 305414] core_worker.cc:2149: Actor with class name: 'RolloutWorker' and ID: '7100cb6b25fe341e1abd4fe901000000' has constructor arguments in the object store and max_restarts > 0. If the arguments in the object store go out of scope or are lost, the actor restart will fail. See https://github.com/ray-project/ray/issues/53727 for more details.
[36m(pid=306210)[0m lz4 not available, disabling sample compression. This will significantly impact RLlib performance. To install lz4, run `pip install lz4`.
2026-07-17 17:31:19,332	INFO trainable.py:154 -- Trainable.setup took 22.167 seconds. If your trainable is slow to initialize, consider setting reuse_actors=True to reduce actor creation overheads.
2026-07-17 17:31:19,332	WARNING util.py:62 -- Install gputil for GPU system monitoring.
[36m(RolloutWorker pid=306210)[0m /d/hpc/home/cs67685/.conda/envs/rl_thesis/lib/python3.14/site-packages/numpy/_core/_methods.py:132: RuntimeWarning: overflow encountered in reduce
[36m(RolloutWorker pid=306210)[0m   ret = umr_sum(arr, axis, dtype, out, keepdims, where=where)
[36m(pid=306219)[0m lz4 not available, disabling sample compression. This will significantly impact RLlib performance. To install lz4, run `pip install lz4`.
2026-07-17 17:31:36,533	WARNING sgd.py:55 -- DeprecationWarning: `_get_slice_indices` has been deprecated. This will raise an error in the future!
/d/hpc/home/cs67685/.conda/envs/rl_thesis/lib/python3.14/site-packages/numpy/_core/_methods.py:132: RuntimeWarning: overflow encountered in reduce
  ret = umr_sum(arr, axis, dtype, out, keepdims, where=where)
2026-07-17 17:31:53,958	WARNING ppo.py:557 -- The mean reward returned from the environment is 11.879676818847656 but the vf_clip_param is set to 10.0. Consider increasing it for policy: shared_policy to improve value function convergence.
Traceback (most recent call last):
  File "/d/hpc/home/cs67685/nba_thesis/free_agency_refactor/train.py", line 263, in <module>
    "episodes": result["episodes_this_iter"],
                ~~~~~~^^^^^^^^^^^^^^^^^^^^^^
KeyError: 'episodes_this_iter'
