==========================================================
 Starting RLlib Training Pipeline via SLURM
 Job ID:        17574467
 Node Name:     wn201
 Script:        train.py
 Time:          Fri Jul 17 05:30:15 PM CEST 2026
==========================================================
-> Standard output is routing to: ./logs/train_17574467.log
-> Errors/Warnings are routing to: ./logs/train_17574467.err
==========================================================
---- nvidia-smi ----
Fri Jul 17 17:30:15 2026       
+-----------------------------------------------------------------------------------------+
| NVIDIA-SMI 580.173.02             Driver Version: 580.173.02     CUDA Version: 13.0     |
+-----------------------------------------+------------------------+----------------------+
| GPU  Name                 Persistence-M | Bus-Id          Disp.A | Volatile Uncorr. ECC |
| Fan  Temp   Perf          Pwr:Usage/Cap |           Memory-Usage | GPU-Util  Compute M. |
|                                         |                        |               MIG M. |
|=========================================+========================+======================|
|   0  Tesla V100S-PCIE-32GB          On  |   00000000:41:00.0 Off |                    0 |
| N/A   29C    P0             25W /  250W |       0MiB /  32768MiB |      0%      Default |
|                                         |                        |                  N/A |
+-----------------------------------------+------------------------+----------------------+

+-----------------------------------------------------------------------------------------+
| Processes:                                                                              |
|  GPU   GI   CI              PID   Type   Process name                        GPU Memory |
|        ID   ID                                                               Usage      |
|=========================================================================================|
|  No running processes found                                                             |
+-----------------------------------------------------------------------------------------+
---- CUDA_VISIBLE_DEVICES ----
0
torch version: 2.13.0+cu126
torch.cuda.is_available(): True
torch built with CUDA: 12.6
device count: 1
{'accelerator_type:V100S': 1.0, 'GPU': 1.0, 'node:153.5.72.201': 1.0, 'CPU': 24.0, 'memory': 90177178829.0, 'object_store_memory': 38647362355.0, 'node:__internal_head__': 1.0}
{'accelerator_type:V100S': 1.0, 'CPU': 24.0, 'node:153.5.72.201': 1.0, 'GPU': 1.0, 'node:__internal_head__': 1.0, 'object_store_memory': 38647362355.0, 'memory': 90177178829.0}
Now I set num_gpus = 1
{'accelerator_type:V100S': 1.0, 'GPU': 1.0, 'node:153.5.72.201': 1.0, 'CPU': 24.0, 'memory': 90153108685.0, 'object_store_memory': 38637046579.0, 'node:__internal_head__': 1.0}
{'accelerator_type:V100S': 1.0, 'CPU': 24.0, 'node:153.5.72.201': 1.0, 'GPU': 1.0, 'node:__internal_head__': 1.0, 'object_store_memory': 38637046579.0, 'memory': 90153108685.0}
Shutting down ray.
Ray has been shutdown. The real work starts NOW
[36m(RolloutWorker pid=306219)[0m ORIG SPACE KEYS: ['action_mask', 'has_history', 'my_team', 'player_market', 'standing', 'team_salary', 'win_pct']
ORIG SPACE KEYS: ['action_mask', 'has_history', 'my_team', 'player_market', 'standing', 'team_salary', 'win_pct']
Training has started!
Training in iteration 0
[36m(RolloutWorker pid=306210)[0m 
[36m(RolloutWorker pid=306210)[0m --- Welcome to Season 0 Free Agency! ---
[36m(RolloutWorker pid=306210)[0m --- Final Cumulative Rewards (Direct Inspection) ---
[36m(RolloutWorker pid=306210)[0m Placeholder Team 0       : 0.0000
[36m(RolloutWorker pid=306210)[0m Placeholder Team 1       : 0.0000
[36m(RolloutWorker pid=306210)[0m Placeholder Team 2       : 0.0000
[36m(RolloutWorker pid=306210)[0m Placeholder Team 3       : 0.0000
[36m(RolloutWorker pid=306210)[0m Placeholder Team 4       : 0.0000
[36m(RolloutWorker pid=306210)[0m Placeholder Team 5       : 0.0000
[36m(RolloutWorker pid=306210)[0m Placeholder Team 6       : 0.0000
[36m(RolloutWorker pid=306210)[0m Placeholder Team 7       : 0.0000
[36m(RolloutWorker pid=306210)[0m Placeholder Team 8       : 0.0000
[36m(RolloutWorker pid=306210)[0m Placeholder Team 9       : 0.0000
[36m(RolloutWorker pid=306210)[0m Placeholder Team 10      : 0.0000
[36m(RolloutWorker pid=306210)[0m Placeholder Team 11      : 0.0000
[36m(RolloutWorker pid=306210)[0m Placeholder Team 12      : 0.0000
[36m(RolloutWorker pid=306210)[0m Placeholder Team 13      : 0.0000
[36m(RolloutWorker pid=306210)[0m Placeholder Team 14      : 0.0000
[36m(RolloutWorker pid=306210)[0m Placeholder Team 15      : 0.0000
[36m(RolloutWorker pid=306210)[0m Placeholder Team 16      : 0.0000
[36m(RolloutWorker pid=306210)[0m Placeholder Team 17      : 0.0000
[36m(RolloutWorker pid=306210)[0m Placeholder Team 18      : 0.0000
[36m(RolloutWorker pid=306210)[0m Placeholder Team 19      : 0.0000
[36m(RolloutWorker pid=306210)[0m Placeholder Team 20      : 0.0000
[36m(RolloutWorker pid=306210)[0m Placeholder Team 21      : 0.0000
[36m(RolloutWorker pid=306210)[0m Placeholder Team 22      : 0.0000
[36m(RolloutWorker pid=306210)[0m Placeholder Team 23      : 0.0000
[36m(RolloutWorker pid=306210)[0m Placeholder Team 24      : 0.0000
[36m(RolloutWorker pid=306210)[0m Placeholder Team 25      : 0.0000
[36m(RolloutWorker pid=306210)[0m Placeholder Team 26      : 0.0000
[36m(RolloutWorker pid=306210)[0m Placeholder Team 27      : 0.0000
[36m(RolloutWorker pid=306210)[0m Placeholder Team 28      : 0.0000
[36m(RolloutWorker pid=306210)[0m Placeholder Team 29      : 0.0000
[36m(RolloutWorker pid=306210)[0m --- Final Cumulative Rewards (Direct Inspection) ---
[36m(RolloutWorker pid=306210)[0m Placeholder Team 0       : 0.0000
[36m(RolloutWorker pid=306210)[0m Placeholder Team 1       : 0.0000
[36m(RolloutWorker pid=306210)[0m Placeholder Team 2       : 0.0000
[36m(RolloutWorker pid=306210)[0m Placeholder Team 3       : 0.0000
[36m(RolloutWorker pid=306210)[0m Placeholder Team 4       : 0.0000
[36m(RolloutWorker pid=306210)[0m Placeholder Team 5       : 0.0000
[36m(RolloutWorker pid=306210)[0m Placeholder Team 6       : 0.0000
[36m(RolloutWorker pid=306210)[0m Placeholder Team 7       : 0.0000
[36m(RolloutWorker pid=306210)[0m Placeholder Team 8       : 0.0000
[36m(RolloutWorker pid=306210)[0m Placeholder Team 9       : 0.0000
[36m(RolloutWorker pid=306210)[0m Placeholder Team 10      : 0.0000
[36m(RolloutWorker pid=306210)[0m Placeholder Team 11      : 0.0000
[36m(RolloutWorker pid=306210)[0m Placeholder Team 12      : 0.0000
[36m(RolloutWorker pid=306210)[0m Placeholder Team 13      : 0.0000
[36m(RolloutWorker pid=306210)[0m Placeholder Team 14      : 0.0000
[36m(RolloutWorker pid=306210)[0m Placeholder Team 15      : 0.0000
[36m(RolloutWorker pid=306210)[0m Placeholder Team 16      : 0.0000
[36m(RolloutWorker pid=306210)[0m Placeholder Team 17      : 0.0000
[36m(RolloutWorker pid=306210)[0m Placeholder Team 18      : 0.0000
[36m(RolloutWorker pid=306210)[0m Placeholder Team 19      : 0.0000
[36m(RolloutWorker pid=306210)[0m Placeholder Team 20      : 0.0000
[36m(RolloutWorker pid=306210)[0m Placeholder Team 21      : 0.0000
[36m(RolloutWorker pid=306210)[0m Placeholder Team 22      : 0.0000
[36m(RolloutWorker pid=306210)[0m Placeholder Team 23      : 0.0000
[36m(RolloutWorker pid=306210)[0m Placeholder Team 24      : 0.0000
[36m(RolloutWorker pid=306210)[0m Placeholder Team 25      : 0.0000
[36m(RolloutWorker pid=306210)[0m Placeholder Team 26      : 0.0000
[36m(RolloutWorker pid=306210)[0m Placeholder Team 27      : 0.0000
[36m(RolloutWorker pid=306210)[0m Placeholder Team 28      : 0.0000
[36m(RolloutWorker pid=306210)[0m Placeholder Team 29      : 0.0000
[36m(RolloutWorker pid=306210)[0m --- Final Cumulative Rewards (Direct Inspection) ---
[36m(RolloutWorker pid=306210)[0m Placeholder Team 0       : 0.0000
[36m(RolloutWorker pid=306210)[0m Placeholder Team 1       : 0.0000
[36m(RolloutWorker pid=306210)[0m Placeholder Team 2       : 0.0000
[36m(RolloutWorker pid=306210)[0m Placeholder Team 3       : 0.0000
[36m(RolloutWorker pid=306210)[0m Placeholder Team 4       : 0.0000
[36m(RolloutWorker pid=306210)[0m Placeholder Team 5       : 0.0000
[36m(RolloutWorker pid=306210)[0m Placeholder Team 6       : 0.0000
[36m(RolloutWorker pid=306210)[0m Placeholder Team 7       : 0.0000
[36m(RolloutWorker pid=306210)[0m Placeholder Team 8       : 0.0000
[36m(RolloutWorker pid=306210)[0m Placeholder Team 9       : 0.0000
[36m(RolloutWorker pid=306210)[0m Placeholder Team 10      : 0.0000
[36m(RolloutWorker pid=306210)[0m Placeholder Team 11      : 0.0000
[36m(RolloutWorker pid=306210)[0m Placeholder Team 12      : 0.0000
[36m(RolloutWorker pid=306210)[0m Placeholder Team 13      : 0.0000
[36m(RolloutWorker pid=306210)[0m Placeholder Team 14      : 0.0000
[36m(RolloutWorker pid=306210)[0m Placeholder Team 15      : 0.0000
[36m(RolloutWorker pid=306210)[0m Placeholder Team 16      : 0.0000
[36m(RolloutWorker pid=306210)[0m Placeholder Team 17      : 0.0000
[36m(RolloutWorker pid=306210)[0m Placeholder Team 18      : 0.0000
[36m(RolloutWorker pid=306210)[0m Placeholder Team 19      : 0.0000
[36m(RolloutWorker pid=306210)[0m Placeholder Team 20      : 0.0000
[36m(RolloutWorker pid=306210)[0m Placeholder Team 21      : 0.0000
[36m(RolloutWorker pid=306210)[0m Placeholder Team 22      : 0.0000
[36m(RolloutWorker pid=306210)[0m Placeholder Team 23      : 0.0000
[36m(RolloutWorker pid=306210)[0m Placeholder Team 24      : 0.0000
[36m(RolloutWorker pid=306210)[0m Placeholder Team 25      : 0.0000
[36m(RolloutWorker pid=306210)[0m Placeholder Team 26      : 0.0000
[36m(RolloutWorker pid=306210)[0m Placeholder Team 27      : 0.0000
[36m(RolloutWorker pid=306210)[0m Placeholder Team 28      : 0.0000
[36m(RolloutWorker pid=306210)[0m Placeholder Team 29      : 0.0000
[36m(RolloutWorker pid=306210)[0m --- Final Cumulative Rewards (Direct Inspection) ---
[36m(RolloutWorker pid=306210)[0m Placeholder Team 0       : 0.0000
[36m(RolloutWorker pid=306210)[0m Placeholder Team 1       : 0.0000
[36m(RolloutWorker pid=306210)[0m Placeholder Team 2       : 0.0000
[36m(RolloutWorker pid=306210)[0m Placeholder Team 3       : 0.0000
[36m(RolloutWorker pid=306210)[0m Placeholder Team 4       : 0.0000
[36m(RolloutWorker pid=306210)[0m Placeholder Team 5       : 0.0000
[36m(RolloutWorker pid=306210)[0m Placeholder Team 6       : 0.0000
[36m(RolloutWorker pid=306210)[0m Placeholder Team 7       : 0.0000
[36m(RolloutWorker pid=306210)[0m Placeholder Team 8       : 0.0000
[36m(RolloutWorker pid=306210)[0m Placeholder Team 9       : 0.0000
[36m(RolloutWorker pid=306210)[0m Placeholder Team 10      : 0.0000
[36m(RolloutWorker pid=306210)[0m Placeholder Team 11      : 0.0000
[36m(RolloutWorker pid=306210)[0m Placeholder Team 12      : 0.0000
[36m(RolloutWorker pid=306210)[0m Placeholder Team 13      : 0.0000
[36m(RolloutWorker pid=306210)[0m Placeholder Team 14      : 0.0000
[36m(RolloutWorker pid=306210)[0m Placeholder Team 15      : 0.0000
[36m(RolloutWorker pid=306210)[0m Placeholder Team 16      : 0.0000
[36m(RolloutWorker pid=306210)[0m Placeholder Team 17      : 0.0000
[36m(RolloutWorker pid=306210)[0m Placeholder Team 18      : 0.0000
[36m(RolloutWorker pid=306210)[0m Placeholder Team 19      : 0.0000
[36m(RolloutWorker pid=306210)[0m Placeholder Team 20      : 0.0000
[36m(RolloutWorker pid=306210)[0m Placeholder Team 21      : 0.0000
[36m(RolloutWorker pid=306210)[0m Placeholder Team 22      : 0.0000
[36m(RolloutWorker pid=306210)[0m Placeholder Team 23      : 0.0000
[36m(RolloutWorker pid=306210)[0m Placeholder Team 24      : 0.0000
[36m(RolloutWorker pid=306210)[0m Placeholder Team 25      : 0.0000
[36m(RolloutWorker pid=306210)[0m Placeholder Team 26      : 0.0000
[36m(RolloutWorker pid=306210)[0m Placeholder Team 27      : 0.0000
[36m(RolloutWorker pid=306210)[0m Placeholder Team 28      : 0.0000
[36m(RolloutWorker pid=306210)[0m Placeholder Team 29      : 0.0000
[36m(RolloutWorker pid=306210)[0m --- Final Cumulative Rewards (Direct Inspection) ---
[36m(RolloutWorker pid=306210)[0m Placeholder Team 0       : 0.0000
[36m(RolloutWorker pid=306210)[0m Placeholder Team 1       : 0.0000
[36m(RolloutWorker pid=306210)[0m Placeholder Team 2       : 0.0000
[36m(RolloutWorker pid=306210)[0m Placeholder Team 3       : 0.0000
[36m(RolloutWorker pid=306210)[0m Placeholder Team 4       : 0.0000
[36m(RolloutWorker pid=306210)[0m Placeholder Team 5       : 0.0000
[36m(RolloutWorker pid=306210)[0m Placeholder Team 6       : 0.0000
[36m(RolloutWorker pid=306210)[0m Placeholder Team 7       : 0.0000
[36m(RolloutWorker pid=306210)[0m Placeholder Team 8       : 0.0000
[36m(RolloutWorker pid=306210)[0m Placeholder Team 9       : 0.0000
[36m(RolloutWorker pid=306210)[0m Placeholder Team 10      : 0.0000
[36m(RolloutWorker pid=306210)[0m Placeholder Team 11      : 0.0000
[36m(RolloutWorker pid=306210)[0m Placeholder Team 12      : 0.0000
[36m(RolloutWorker pid=306210)[0m Placeholder Team 13      : 0.0000
[36m(RolloutWorker pid=306210)[0m Placeholder Team 14      : 0.0000
[36m(RolloutWorker pid=306210)[0m Placeholder Team 15      : 0.0000
[36m(RolloutWorker pid=306210)[0m Placeholder Team 16      : 0.0000
[36m(RolloutWorker pid=306210)[0m Placeholder Team 17      : 0.0000
[36m(RolloutWorker pid=306210)[0m Placeholder Team 18      : 0.0000
[36m(RolloutWorker pid=306210)[0m Placeholder Team 19      : 0.0000
[36m(RolloutWorker pid=306210)[0m Placeholder Team 20      : 0.0000
[36m(RolloutWorker pid=306210)[0m Placeholder Team 21      : 0.0000
[36m(RolloutWorker pid=306210)[0m Placeholder Team 22      : 0.0000
[36m(RolloutWorker pid=306210)[0m Placeholder Team 23      : 0.0000
[36m(RolloutWorker pid=306210)[0m Placeholder Team 24      : 0.0000
[36m(RolloutWorker pid=306210)[0m Placeholder Team 25      : 0.0000
[36m(RolloutWorker pid=306210)[0m Placeholder Team 26      : 0.0000
[36m(RolloutWorker pid=306210)[0m Placeholder Team 27      : 0.0000
[36m(RolloutWorker pid=306210)[0m Placeholder Team 28      : 0.0000
[36m(RolloutWorker pid=306210)[0m Placeholder Team 29      : 0.0000
[36m(RolloutWorker pid=306210)[0m --- Final Cumulative Rewards (Direct Inspection) ---
[36m(RolloutWorker pid=306210)[0m Placeholder Team 0       : 0.0000
[36m(RolloutWorker pid=306210)[0m Placeholder Team 1       : 0.0000
[36m(RolloutWorker pid=306210)[0m Placeholder Team 2       : 0.0000
[36m(RolloutWorker pid=306210)[0m Placeholder Team 3       : 0.0000
[36m(RolloutWorker pid=306210)[0m Placeholder Team 4       : 0.0000
[36m(RolloutWorker pid=306210)[0m Placeholder Team 5       : 0.0000
[36m(RolloutWorker pid=306210)[0m Placeholder Team 6       : 0.0000
[36m(RolloutWorker pid=306210)[0m Placeholder Team 7       : 0.0000
[36m(RolloutWorker pid=306210)[0m Placeholder Team 8       : 0.0000
[36m(RolloutWorker pid=306210)[0m Placeholder Team 9       : 0.0000
[36m(RolloutWorker pid=306210)[0m Placeholder Team 10      : 0.0000
[36m(RolloutWorker pid=306210)[0m Placeholder Team 11      : 0.0000
[36m(RolloutWorker pid=306210)[0m Placeholder Team 12      : 0.0000
[36m(RolloutWorker pid=306210)[0m Placeholder Team 13      : 0.0000
[36m(RolloutWorker pid=306210)[0m Placeholder Team 14      : 0.0000
[36m(RolloutWorker pid=306210)[0m Placeholder Team 15      : 0.0000
[36m(RolloutWorker pid=306210)[0m Placeholder Team 16      : 0.0000
[36m(RolloutWorker pid=306210)[0m Placeholder Team 17      : 0.0000
[36m(RolloutWorker pid=306210)[0m Placeholder Team 18      : 0.0000
[36m(RolloutWorker pid=306210)[0m Placeholder Team 19      : 0.0000
[36m(RolloutWorker pid=306210)[0m Placeholder Team 20      : 0.0000
[36m(RolloutWorker pid=306210)[0m Placeholder Team 21      : 0.0000
[36m(RolloutWorker pid=306210)[0m Placeholder Team 22      : 0.0000
[36m(RolloutWorker pid=306210)[0m Placeholder Team 23      : 0.0000
[36m(RolloutWorker pid=306210)[0m Placeholder Team 24      : 0.0000
[36m(RolloutWorker pid=306210)[0m Placeholder Team 25      : 0.0000
[36m(RolloutWorker pid=306210)[0m Placeholder Team 26      : 0.0000
[36m(RolloutWorker pid=306210)[0m Placeholder Team 27      : 0.0000
[36m(RolloutWorker pid=306210)[0m Placeholder Team 28      : 0.0000
[36m(RolloutWorker pid=306210)[0m Placeholder Team 29      : 0.0000
[36m(RolloutWorker pid=306210)[0m --- Final Cumulative Rewards (Direct Inspection) ---
[36m(RolloutWorker pid=306210)[0m Placeholder Team 0       : 0.0000
[36m(RolloutWorker pid=306210)[0m Placeholder Team 1       : 0.0000
[36m(RolloutWorker pid=306210)[0m Placeholder Team 2       : 0.0000
[36m(RolloutWorker pid=306210)[0m Placeholder Team 3       : 0.0000
[36m(RolloutWorker pid=306210)[0m Placeholder Team 4       : 0.0000
[36m(RolloutWorker pid=306210)[0m Placeholder Team 5       : 0.0000
[36m(RolloutWorker pid=306210)[0m Placeholder Team 6       : 0.0000
[36m(RolloutWorker pid=306210)[0m Placeholder Team 7       : 0.0000
[36m(RolloutWorker pid=306210)[0m Placeholder Team 8       : 0.0000
[36m(RolloutWorker pid=306210)[0m Placeholder Team 9       : 0.0000
[36m(RolloutWorker pid=306210)[0m Placeholder Team 10      : 0.0000
[36m(RolloutWorker pid=306210)[0m Placeholder Team 11      : 0.0000
[36m(RolloutWorker pid=306210)[0m Placeholder Team 12      : 0.0000
[36m(RolloutWorker pid=306210)[0m Placeholder Team 13      : 0.0000
[36m(RolloutWorker pid=306210)[0m Placeholder Team 14      : 0.0000
[36m(RolloutWorker pid=306210)[0m Placeholder Team 15      : 0.0000
[36m(RolloutWorker pid=306210)[0m Placeholder Team 16      : 0.0000
[36m(RolloutWorker pid=306210)[0m Placeholder Team 17      : 0.0000
[36m(RolloutWorker pid=306210)[0m Placeholder Team 18      : 0.0000
[36m(RolloutWorker pid=306210)[0m Placeholder Team 19      : 0.0000
[36m(RolloutWorker pid=306210)[0m Placeholder Team 20      : 0.0000
[36m(RolloutWorker pid=306210)[0m Placeholder Team 21      : 0.0000
[36m(RolloutWorker pid=306210)[0m Placeholder Team 22      : 0.0000
[36m(RolloutWorker pid=306210)[0m Placeholder Team 23      : 0.0000
[36m(RolloutWorker pid=306210)[0m Placeholder Team 24      : 0.0000
[36m(RolloutWorker pid=306210)[0m Placeholder Team 25      : 0.0000
[36m(RolloutWorker pid=306210)[0m Placeholder Team 26      : 0.0000
[36m(RolloutWorker pid=306210)[0m Placeholder Team 27      : 0.0000
[36m(RolloutWorker pid=306210)[0m Placeholder Team 28      : 0.0000
[36m(RolloutWorker pid=306210)[0m Placeholder Team 29      : 0.0000
[36m(RolloutWorker pid=306210)[0m --- Final Cumulative Rewards (Direct Inspection) ---
[36m(RolloutWorker pid=306210)[0m Placeholder Team 0       : 0.0000
[36m(RolloutWorker pid=306210)[0m Placeholder Team 1       : 0.0000
[36m(RolloutWorker pid=306210)[0m Placeholder Team 2       : 0.0000
[36m(RolloutWorker pid=306210)[0m Placeholder Team 3       : 0.0000
[36m(RolloutWorker pid=306210)[0m Placeholder Team 4       : 0.0000
[36m(RolloutWorker pid=306210)[0m Placeholder Team 5       : 0.0000
[36m(RolloutWorker pid=306210)[0m Placeholder Team 6       : 0.0000
[36m(RolloutWorker pid=306210)[0m Placeholder Team 7       : 0.0000
[36m(RolloutWorker pid=306210)[0m Placeholder Team 8       : 0.0000
[36m(RolloutWorker pid=306210)[0m Placeholder Team 9       : 0.0000
[36m(RolloutWorker pid=306210)[0m Placeholder Team 10      : 0.0000
[36m(RolloutWorker pid=306210)[0m Placeholder Team 11      : 0.0000
[36m(RolloutWorker pid=306210)[0m Placeholder Team 12      : 0.0000
[36m(RolloutWorker pid=306210)[0m Placeholder Team 13      : 0.0000
[36m(RolloutWorker pid=306210)[0m Placeholder Team 14      : 0.0000
[36m(RolloutWorker pid=306210)[0m Placeholder Team 15      : 0.0000
[36m(RolloutWorker pid=306210)[0m Placeholder Team 16      : 0.0000
[36m(RolloutWorker pid=306210)[0m Placeholder Team 17      : 0.0000
[36m(RolloutWorker pid=306210)[0m Placeholder Team 18      : 0.0000
[36m(RolloutWorker pid=306210)[0m Placeholder Team 19      : 0.0000
[36m(RolloutWorker pid=306210)[0m Placeholder Team 20      : 0.0000
[36m(RolloutWorker pid=306210)[0m Placeholder Team 21      : 0.0000
[36m(RolloutWorker pid=306210)[0m Placeholder Team 22      : 0.0000
[36m(RolloutWorker pid=306210)[0m Placeholder Team 23      : 0.0000
[36m(RolloutWorker pid=306210)[0m Placeholder Team 24      : 0.0000
[36m(RolloutWorker pid=306210)[0m Placeholder Team 25      : 0.0000
[36m(RolloutWorker pid=306210)[0m Placeholder Team 26      : 0.0000
[36m(RolloutWorker pid=306210)[0m Placeholder Team 27      : 0.0000
[36m(RolloutWorker pid=306210)[0m Placeholder Team 28      : 0.0000
[36m(RolloutWorker pid=306210)[0m Placeholder Team 29      : 0.0000
[36m(RolloutWorker pid=306210)[0m --- Final Cumulative Rewards (Direct Inspection) ---
[36m(RolloutWorker pid=306210)[0m Placeholder Team 0       : 0.0000
[36m(RolloutWorker pid=306210)[0m Placeholder Team 1       : 0.0000
[36m(RolloutWorker pid=306210)[0m Placeholder Team 2       : 0.0000
[36m(RolloutWorker pid=306210)[0m Placeholder Team 3       : 0.0000
[36m(RolloutWorker pid=306210)[0m Placeholder Team 4       : 0.0000
[36m(RolloutWorker pid=306210)[0m Placeholder Team 5       : 0.0000
[36m(RolloutWorker pid=306210)[0m Placeholder Team 6       : 0.0000
[36m(RolloutWorker pid=306210)[0m Placeholder Team 7       : 0.0000
[36m(RolloutWorker pid=306210)[0m Placeholder Team 8       : 0.0000
[36m(RolloutWorker pid=306210)[0m Placeholder Team 9       : 0.0000
[36m(RolloutWorker pid=306210)[0m Placeholder Team 10      : 0.0000
[36m(RolloutWorker pid=306210)[0m Placeholder Team 11      : 0.0000
[36m(RolloutWorker pid=306210)[0m Placeholder Team 12      : 0.0000
[36m(RolloutWorker pid=306210)[0m Placeholder Team 13      : 0.0000
[36m(RolloutWorker pid=306210)[0m Placeholder Team 14      : 0.0000
[36m(RolloutWorker pid=306210)[0m Placeholder Team 15      : 0.0000
[36m(RolloutWorker pid=306210)[0m Placeholder Team 16      : 0.0000
[36m(RolloutWorker pid=306210)[0m Placeholder Team 17      : 0.0000
[36m(RolloutWorker pid=306210)[0m Placeholder Team 18      : 0.0000
[36m(RolloutWorker pid=306210)[0m Placeholder Team 19      : 0.0000
[36m(RolloutWorker pid=306210)[0m Placeholder Team 20      : 0.0000
[36m(RolloutWorker pid=306210)[0m Placeholder Team 21      : 0.0000
[36m(RolloutWorker pid=306210)[0m Placeholder Team 22      : 0.0000
[36m(RolloutWorker pid=306210)[0m Placeholder Team 23      : 0.0000
[36m(RolloutWorker pid=306210)[0m Placeholder Team 24      : 0.0000
[36m(RolloutWorker pid=306210)[0m Placeholder Team 25      : 0.0000
[36m(RolloutWorker pid=306210)[0m Placeholder Team 26      : 0.0000
[36m(RolloutWorker pid=306210)[0m Placeholder Team 27      : 0.0000
[36m(RolloutWorker pid=306210)[0m Placeholder Team 28      : 0.0000
[36m(RolloutWorker pid=306210)[0m Placeholder Team 29      : 0.0000
[36m(RolloutWorker pid=306210)[0m --- Final Cumulative Rewards (Direct Inspection) ---
[36m(RolloutWorker pid=306210)[0m Placeholder Team 0       : 0.0000
[36m(RolloutWorker pid=306210)[0m Placeholder Team 1       : 0.0000
[36m(RolloutWorker pid=306210)[0m Placeholder Team 2       : 0.0000
[36m(RolloutWorker pid=306210)[0m Placeholder Team 3       : 0.0000
[36m(RolloutWorker pid=306210)[0m Placeholder Team 4       : 0.0000
[36m(RolloutWorker pid=306210)[0m Placeholder Team 5       : 0.0000
[36m(RolloutWorker pid=306210)[0m Placeholder Team 6       : 0.0000
[36m(RolloutWorker pid=306210)[0m Placeholder Team 7       : 0.0000
[36m(RolloutWorker pid=306210)[0m Placeholder Team 8       : 0.0000
[36m(RolloutWorker pid=306210)[0m Placeholder Team 9       : 0.0000
[36m(RolloutWorker pid=306210)[0m Placeholder Team 10      : 0.0000
[36m(RolloutWorker pid=306210)[0m Placeholder Team 11      : 0.0000
[36m(RolloutWorker pid=306210)[0m Placeholder Team 12      : 0.0000
[36m(RolloutWorker pid=306210)[0m Placeholder Team 13      : 0.0000
[36m(RolloutWorker pid=306210)[0m Placeholder Team 14      : 0.0000
[36m(RolloutWorker pid=306210)[0m Placeholder Team 15      : 0.0000
[36m(RolloutWorker pid=306210)[0m Placeholder Team 16      : 0.0000
[36m(RolloutWorker pid=306210)[0m Placeholder Team 17      : 0.0000
[36m(RolloutWorker pid=306210)[0m Placeholder Team 18      : 0.0000
[36m(RolloutWorker pid=306210)[0m Placeholder Team 19      : 0.0000
[36m(RolloutWorker pid=306210)[0m Placeholder Team 20      : 0.0000
[36m(RolloutWorker pid=306210)[0m Placeholder Team 21      : 0.0000
[36m(RolloutWorker pid=306210)[0m Placeholder Team 22      : 0.0000
[36m(RolloutWorker pid=306210)[0m Placeholder Team 23      : 0.0000
[36m(RolloutWorker pid=306210)[0m Placeholder Team 24      : 0.0000
[36m(RolloutWorker pid=306210)[0m Placeholder Team 25      : 0.0000
[36m(RolloutWorker pid=306210)[0m Placeholder Team 26      : 0.0000
[36m(RolloutWorker pid=306210)[0m Placeholder Team 27      : 0.0000
[36m(RolloutWorker pid=306210)[0m Placeholder Team 28      : 0.0000
[36m(RolloutWorker pid=306210)[0m Placeholder Team 29      : 0.0000
[36m(RolloutWorker pid=306210)[0m --- Final Cumulative Rewards (Direct Inspection) ---
[36m(RolloutWorker pid=306210)[0m Placeholder Team 0       : 0.0000
[36m(RolloutWorker pid=306210)[0m Placeholder Team 1       : 0.0000
[36m(RolloutWorker pid=306210)[0m Placeholder Team 2       : 0.0000
[36m(RolloutWorker pid=306210)[0m Placeholder Team 3       : 0.0000
[36m(RolloutWorker pid=306210)[0m Placeholder Team 4       : 0.0000
[36m(RolloutWorker pid=306210)[0m Placeholder Team 5       : 0.0000
[36m(RolloutWorker pid=306210)[0m Placeholder Team 6       : 0.0000
[36m(RolloutWorker pid=306210)[0m Placeholder Team 7       : 0.0000
[36m(RolloutWorker pid=306210)[0m Placeholder Team 8       : 0.0000
[36m(RolloutWorker pid=306210)[0m Placeholder Team 9       : 0.0000
[36m(RolloutWorker pid=306210)[0m Placeholder Team 10      : 0.0000
[36m(RolloutWorker pid=306210)[0m Placeholder Team 11      : 0.0000
[36m(RolloutWorker pid=306210)[0m Placeholder Team 12      : 0.0000
[36m(RolloutWorker pid=306210)[0m Placeholder Team 13      : 0.0000
[36m(RolloutWorker pid=306210)[0m Placeholder Team 14      : 0.0000
[36m(RolloutWorker pid=306210)[0m Placeholder Team 15      : 0.0000
[36m(RolloutWorker pid=306210)[0m Placeholder Team 16      : 0.0000
[36m(RolloutWorker pid=306210)[0m Placeholder Team 17      : 0.0000
[36m(RolloutWorker pid=306210)[0m Placeholder Team 18      : 0.0000
[36m(RolloutWorker pid=306210)[0m Placeholder Team 19      : 0.0000
[36m(RolloutWorker pid=306210)[0m Placeholder Team 20      : 0.0000
[36m(RolloutWorker pid=306210)[0m Placeholder Team 21      : 0.0000
[36m(RolloutWorker pid=306210)[0m Placeholder Team 22      : 0.0000
[36m(RolloutWorker pid=306210)[0m Placeholder Team 23      : 0.0000
[36m(RolloutWorker pid=306210)[0m Placeholder Team 24      : 0.0000
[36m(RolloutWorker pid=306210)[0m Placeholder Team 25      : 0.0000
[36m(RolloutWorker pid=306210)[0m Placeholder Team 26      : 0.0000
[36m(RolloutWorker pid=306210)[0m Placeholder Team 27      : 0.0000
[36m(RolloutWorker pid=306210)[0m Placeholder Team 28      : 0.0000
[36m(RolloutWorker pid=306210)[0m Placeholder Team 29      : 0.0000
[36m(RolloutWorker pid=306210)[0m --- Final Cumulative Rewards (Direct Inspection) ---
[36m(RolloutWorker pid=306210)[0m Placeholder Team 0       : 0.0000
[36m(RolloutWorker pid=306210)[0m Placeholder Team 1       : 0.0000
[36m(RolloutWorker pid=306210)[0m Placeholder Team 2       : 0.0000
[36m(RolloutWorker pid=306210)[0m Placeholder Team 3       : 0.0000
[36m(RolloutWorker pid=306210)[0m Placeholder Team 4       : 0.0000
[36m(RolloutWorker pid=306210)[0m Placeholder Team 5       : 0.0000
[36m(RolloutWorker pid=306210)[0m Placeholder Team 6       : 0.0000
[36m(RolloutWorker pid=306210)[0m Placeholder Team 7       : 0.0000
[36m(RolloutWorker pid=306210)[0m Placeholder Team 8       : 0.0000
[36m(RolloutWorker pid=306210)[0m Placeholder Team 9       : 0.0000
[36m(RolloutWorker pid=306210)[0m Placeholder Team 10      : 0.0000
[36m(RolloutWorker pid=306210)[0m Placeholder Team 11      : 0.0000
[36m(RolloutWorker pid=306210)[0m Placeholder Team 12      : 0.0000
[36m(RolloutWorker pid=306210)[0m Placeholder Team 13      : 0.0000
[36m(RolloutWorker pid=306210)[0m Placeholder Team 14      : 0.0000
[36m(RolloutWorker pid=306210)[0m Placeholder Team 15      : 0.0000
[36m(RolloutWorker pid=306210)[0m Placeholder Team 16      : 0.0000
[36m(RolloutWorker pid=306210)[0m Placeholder Team 17      : 0.0000
[36m(RolloutWorker pid=306210)[0m Placeholder Team 18      : 0.0000
[36m(RolloutWorker pid=306210)[0m Placeholder Team 19      : 0.0000
[36m(RolloutWorker pid=306210)[0m Placeholder Team 20      : 0.0000
[36m(RolloutWorker pid=306210)[0m Placeholder Team 21      : 0.0000
[36m(RolloutWorker pid=306210)[0m Placeholder Team 22      : 0.0000
[36m(RolloutWorker pid=306210)[0m Placeholder Team 23      : 0.0000
[36m(RolloutWorker pid=306210)[0m Placeholder Team 24      : 0.0000
[36m(RolloutWorker pid=306210)[0m Placeholder Team 25      : 0.0000
[36m(RolloutWorker pid=306210)[0m Placeholder Team 26      : 0.0000
[36m(RolloutWorker pid=306210)[0m Placeholder Team 27      : 0.0000
[36m(RolloutWorker pid=306210)[0m Placeholder Team 28      : 0.0000
[36m(RolloutWorker pid=306210)[0m Placeholder Team 29      : 0.0000
[36m(RolloutWorker pid=306210)[0m ORIG SPACE KEYS: ['action_mask', 'has_history', 'my_team', 'player_market', 'standing', 'team_salary', 'win_pct']
[36m(RolloutWorker pid=306219)[0m 
[36m(RolloutWorker pid=306210)[0m 
[36m(RolloutWorker pid=306210)[0m 
[36m(RolloutWorker pid=306210)[0m 
[36m(RolloutWorker pid=306210)[0m 
[36m(RolloutWorker pid=306219)[0m 
[36m(RolloutWorker pid=306219)[0m 
[36m(RolloutWorker pid=306219)[0m 
[36m(RolloutWorker pid=306219)[0m 
[36m(RolloutWorker pid=306219)[0m 
[36m(RolloutWorker pid=306210)[0m 
[36m(RolloutWorker pid=306210)[0m Simulating Season 0!
[36m(RolloutWorker pid=306210)[0m 
[36m(RolloutWorker pid=306219)[0m 
[36m(RolloutWorker pid=306219)[0m 
[36m(RolloutWorker pid=306210)[0m 
[36m(RolloutWorker pid=306210)[0m 
[36m(RolloutWorker pid=306210)[0m 
[36m(RolloutWorker pid=306210)[0m 
[36m(RolloutWorker pid=306219)[0m 
[36m(RolloutWorker pid=306219)[0m 
[36m(RolloutWorker pid=306210)[0m 
[36m(RolloutWorker pid=306210)[0m 
[36m(RolloutWorker pid=306210)[0m 
[36m(RolloutWorker pid=306219)[0m 
[36m(RolloutWorker pid=306219)[0m 
[36m(RolloutWorker pid=306219)[0m 
[36m(RolloutWorker pid=306210)[0m 
[36m(RolloutWorker pid=306210)[0m 
[36m(RolloutWorker pid=306210)[0m 
[36m(RolloutWorker pid=306219)[0m 
[36m(RolloutWorker pid=306210)[0m --- Welcome to Season 5 Free Agency! ---[32m [repeated 9x across cluster] (Ray deduplicates logs by default. Set RAY_DEDUP_LOGS=0 to disable log deduplication, or see https://docs.ray.io/en/master/ray-observability/user-guides/configure-logging.html#log-deduplication for more options.)[0m
[36m(RolloutWorker pid=306210)[0m --- Final Cumulative Rewards (Direct Inspection) ---[32m [repeated 1518x across cluster][0m
[36m(RolloutWorker pid=306210)[0m Placeholder Team 6       : 5.5129[32m [repeated 45517x across cluster][0m
[36m(RolloutWorker pid=306219)[0m 
[36m(RolloutWorker pid=306219)[0m 
[36m(RolloutWorker pid=306210)[0m 
[36m(RolloutWorker pid=306210)[0m 
[36m(RolloutWorker pid=306219)[0m 
[36m(RolloutWorker pid=306219)[0m 
[36m(RolloutWorker pid=306219)[0m 
[36m(RolloutWorker pid=306210)[0m 
[36m(RolloutWorker pid=306210)[0m 
[36m(RolloutWorker pid=306219)[0m 
[36m(RolloutWorker pid=306219)[0m 
[36m(RolloutWorker pid=306219)[0m Simulating Season 5![32m [repeated 12x across cluster][0m
[36m(RolloutWorker pid=306219)[0m 
[36m(RolloutWorker pid=306219)[0m 
[36m(RolloutWorker pid=306210)[0m 
[36m(RolloutWorker pid=306210)[0m 
[36m(RolloutWorker pid=306219)[0m 
[36m(RolloutWorker pid=306219)[0m 
[36m(RolloutWorker pid=306210)[0m 
[36m(RolloutWorker pid=306210)[0m 
[36m(RolloutWorker pid=306210)[0m 
[36m(RolloutWorker pid=306219)[0m 
[36m(RolloutWorker pid=306219)[0m 
[36m(RolloutWorker pid=306210)[0m 
[36m(RolloutWorker pid=306219)[0m 
[36m(RolloutWorker pid=306219)[0m 
[36m(RolloutWorker pid=306219)[0m --- Welcome to Season 0 Free Agency! ---[32m [repeated 12x across cluster][0m
[36m(RolloutWorker pid=306210)[0m --- Final Cumulative Rewards (Direct Inspection) ---[32m [repeated 1392x across cluster][0m
[36m(RolloutWorker pid=306210)[0m Placeholder Team 29      : 0.0000[32m [repeated 41783x across cluster][0m
[36m(RolloutWorker pid=306210)[0m 
[36m(RolloutWorker pid=306210)[0m 
[36m(RolloutWorker pid=306219)[0m 
[36m(RolloutWorker pid=306219)[0m 
[36m(RolloutWorker pid=306219)[0m Simulating Season 0![32m [repeated 9x across cluster][0m
[36m(RolloutWorker pid=306210)[0m 
[36m(RolloutWorker pid=306210)[0m 
[36m(RolloutWorker pid=306210)[0m 
[36m(RolloutWorker pid=306219)[0m 
[36m(RolloutWorker pid=306219)[0m 
[36m(RolloutWorker pid=306210)[0m 
[36m(RolloutWorker pid=306210)[0m 
[36m(RolloutWorker pid=306219)[0m 
[36m(RolloutWorker pid=306219)[0m 
[36m(RolloutWorker pid=306219)[0m 
[36m(RolloutWorker pid=306210)[0m 
[36m(RolloutWorker pid=306210)[0m 
iter 0: episode_reward_mean=None
RESULTS!!!
{'custom_metrics': {}, 'episode_media': {}, 'info': {'learner': {'shared_policy': {'learner_stats': {'allreduce_latency': np.float64(0.0), 'grad_gnorm': np.float32(3.0378437), 'cur_kl_coeff': np.float64(0.20000000000000004), 'cur_lr': np.float64(5.0000000000000016e-05), 'total_loss': np.float64(9.196241905868694), 'policy_loss': np.float64(-0.09488969903146836), 'vf_loss': np.float64(9.281578301870695), 'vf_explained_var': np.float64(-0.00038434106816527666), 'kl': np.float64(0.047766574618396576), 'entropy': np.float64(4.5321548105568015), 'entropy_coeff': np.float64(0.0)}, 'model': {}, 'custom_metrics': {}, 'num_agent_steps_trained': np.float64(127.16129032258064), 'num_grad_updates_lifetime': np.float64(465.5), 'diff_num_grad_updates_vs_sampler_policy': np.float64(464.5)}}, 'num_env_steps_sampled': 4000, 'num_env_steps_trained': 4000, 'num_agent_steps_sampled': 3942, 'num_agent_steps_trained': 3942}, 'env_runners': {'episode_reward_max': np.float64(21524.122204178744), 'episode_reward_min': np.float64(20225.599720115282), 'episode_reward_mean': np.float64(20874.860962147013), 'episode_len_mean': np.float64(1365.0), 'episode_media': {}, 'episodes_timesteps_total': 2730, 'policy_reward_min': {'shared_policy': np.float64(16.006338949385892)}, 'policy_reward_max': {'shared_policy': np.float64(2844.3654505229556)}, 'policy_reward_mean': {'shared_policy': np.float64(695.8286987382351)}, 'custom_metrics': {}, 'hist_stats': {'episode_reward': [np.float64(20225.599720115282), np.float64(21524.122204178744)], 'episode_lengths': [1350, 1380], 'policy_shared_policy_reward': [np.float64(461.89798465342386), np.float64(1398.6996243666645), np.float64(256.61974398626654), np.float64(219.8397945716304), np.float64(176.09675377790032), np.float64(1743.558404215077), np.float64(241.06510817285792), np.float64(151.90581109349802), np.float64(674.7951298963891), np.float64(1027.0396481292676), np.float64(403.1298376811773), np.float64(1226.3814266487234), np.float64(395.5298068821099), np.float64(293.79909975861506), np.float64(639.473020170847), np.float64(100.47349997282295), np.float64(765.1463937638249), np.float64(1707.234925971719), np.float64(425.4621448713052), np.float64(449.4296056370812), np.float64(140.92566425581424), np.float64(184.5763009133215), np.float64(2026.6070027563833), np.float64(205.9680438542528), np.float64(291.1566750364496), np.float64(1299.0903793527416), np.float64(1933.989321999549), np.float64(271.7981781994123), np.float64(976.4231582546231), np.float64(137.48723127155878), np.float64(200.07016069040716), np.float64(74.45997802111332), np.float64(293.9527985372051), np.float64(383.4082292672425), np.float64(1021.8966669915861), np.float64(548.4094393902341), np.float64(886.2660738126547), np.float64(1344.516052636235), np.float64(271.04153903865614), np.float64(424.8638347047368), np.float64(204.85108359647268), np.float64(497.6635255707445), np.float64(2253.7321584984243), np.float64(501.84559309546285), np.float64(233.20830604387717), np.float64(328.7126264878157), np.float64(302.9151467031115), np.float64(1467.6360615455044), np.float64(534.3638924045655), np.float64(890.3070621133793), np.float64(156.56748343525626), np.float64(586.0635080398647), np.float64(809.7132131130925), np.float64(16.006338949385892), np.float64(462.3133818718844), np.float64(317.7697269277857), np.float64(1719.6256345971738), np.float64(1449.9063006476829), np.float64(497.67093692428983), np.float64(2844.3654505229556)]}, 'sampler_perf': {'mean_raw_obs_processing_ms': np.float64(0.8148666264592619), 'mean_inference_ms': np.float64(5.191425333494903), 'mean_action_processing_ms': np.float64(0.13502492480490103), 'mean_env_wait_ms': np.float64(0.7024598919946154), 'mean_env_render_ms': np.float64(0.0)}, 'num_faulty_episodes': 0, 'connector_metrics': {'StateBufferConnector_ms': np.float64(0.010991096496582031), 'ViewRequirementAgentConnector_ms': np.float64(0.9591341018676758)}, 'num_episodes': 2, 'episode_return_max': np.float64(21524.122204178744), 'episode_return_min': np.float64(20225.599720115282), 'episode_return_mean': np.float64(20874.860962147013), 'episodes_this_iter': 2}, 'num_healthy_workers': 2, 'actor_manager_num_outstanding_async_reqs': 0, 'num_remote_worker_restarts': 0, 'num_agent_steps_sampled': 3942, 'num_agent_steps_trained': 3942, 'num_env_steps_sampled': 4000, 'num_env_steps_trained': 4000, 'num_env_steps_sampled_this_iter': 4000, 'num_env_steps_trained_this_iter': 4000, 'num_env_steps_sampled_throughput_per_sec': 115.48419029949834, 'num_env_steps_trained_throughput_per_sec': 115.48419029949834, 'timesteps_total': 4000, 'num_env_steps_sampled_lifetime': 4000, 'num_agent_steps_sampled_lifetime': 3942, 'num_steps_trained_this_iter': 4000, 'agent_timesteps_total': 3942, 'timers': {'training_iteration_time_ms': 34636.797, 'restore_workers_time_ms': 0.025, 'training_step_time_ms': 34635.999, 'sample_time_ms': 14664.937, 'learn_time_ms': 19820.328, 'learn_throughput': 201.813, 'synch_weights_time_ms': 136.743}, 'counters': {'num_env_steps_sampled': 4000, 'num_env_steps_trained': 4000, 'num_agent_steps_sampled': 3942, 'num_agent_steps_trained': 3942}, 'done': False, 'training_iteration': 1, 'trial_id': 'default', 'date': '2026-07-17_17-31-54', 'timestamp': 1784302314, 'time_this_iter_s': 34.68578600883484, 'time_total_s': 34.68578600883484, 'pid': 305414, 'hostname': 'wn201.arnes.si', 'node_ip': '153.5.72.201', 'config': {'exploration_config': {'type': 'StochasticSampling'}, 'extra_python_environs_for_driver': {}, 'extra_python_environs_for_worker': {}, 'placement_strategy': 'PACK', 'num_gpus': 1, '_fake_gpus': False, 'num_cpus_for_main_process': 1, 'custom_resources_for_main_process': {}, 'eager_tracing': True, 'eager_max_retraces': 20, 'tf_session_args': {'intra_op_parallelism_threads': 2, 'inter_op_parallelism_threads': 2, 'gpu_options': {'allow_growth': True}, 'log_device_placement': False, 'device_count': {'CPU': 1}, 'allow_soft_placement': True}, 'local_tf_session_args': {'intra_op_parallelism_threads': 8, 'inter_op_parallelism_threads': 8}, 'torch_compile_learner': False, 'torch_compile_learner_what_to_compile': <TorchCompileWhatToCompile.FORWARD_TRAIN: 'forward_train'>, 'torch_compile_learner_dynamo_backend': 'inductor', 'torch_compile_learner_dynamo_mode': None, 'torch_compile_worker': False, 'torch_compile_worker_dynamo_backend': 'onnxrt', 'torch_compile_worker_dynamo_mode': None, 'torch_ddp_kwargs': {}, 'torch_skip_nan_gradients': False, 'env': 'free_agency_v1', 'env_config': {}, 'observation_space': None, 'action_space': None, 'clip_rewards': None, 'normalize_actions': True, 'clip_actions': False, '_is_atari': None, 'disable_env_checking': False, 'render_env': False, 'action_mask_key': 'action_mask', 'env_runner_cls': None, 'num_env_runners': 2, 'create_local_env_runner': True, 'num_envs_per_env_runner': 1, 'gym_env_vectorize_mode': 'sync', 'num_cpus_per_env_runner': 1, 'num_gpus_per_env_runner': 0, 'custom_resources_per_env_runner': {}, 'validate_env_runners_after_construction': True, 'episodes_to_numpy': True, 'max_requests_in_flight_per_env_runner': 1, 'sample_timeout_s': 60.0, '_env_to_module_connector': None, 'add_default_connectors_to_env_to_module_pipeline': True, '_module_to_env_connector': None, 'add_default_connectors_to_module_to_env_pipeline': True, 'merge_env_runner_states': 'training_only', 'broadcast_env_runner_states': True, 'episode_lookback_horizon': 1, 'rollout_fragment_length': 'auto', 'batch_mode': 'truncate_episodes', 'compress_observations': False, 'remote_worker_envs': False, 'remote_env_batch_wait_ms': 0, 'enable_tf1_exec_eagerly': False, 'sample_collector': <class 'ray.rllib.evaluation.collectors.simple_list_collector.SimpleListCollector'>, 'preprocessor_pref': 'deepmind', 'observation_filter': 'NoFilter', 'update_worker_filter_stats': True, 'use_worker_filter_stats': True, 'sampler_perf_stats_ema_coef': None, '_is_online': True, 'num_learners': 0, 'num_gpus_per_learner': 0, 'num_cpus_per_learner': 'auto', 'custom_resources_per_learner': {}, 'num_aggregator_actors_per_learner': 0, 'max_requests_in_flight_per_aggregator_actor': 3, 'local_gpu_idx': 0, 'max_requests_in_flight_per_learner': 3, 'gamma': 0.99, 'lr': 5e-05, 'grad_clip': None, 'grad_clip_by': 'global_norm', '_train_batch_size_per_learner': None, 'train_batch_size': 4000, 'num_epochs': 30, 'minibatch_size': 128, 'shuffle_batch_per_epoch': True, 'model': {'fcnet_hiddens': [256, 256], 'fcnet_activation': 'tanh', 'fcnet_weights_initializer': None, 'fcnet_weights_initializer_config': None, 'fcnet_bias_initializer': None, 'fcnet_bias_initializer_config': None, 'conv_filters': None, 'conv_activation': 'relu', 'conv_kernel_initializer': None, 'conv_kernel_initializer_config': None, 'conv_bias_initializer': None, 'conv_bias_initializer_config': None, 'conv_transpose_kernel_initializer': None, 'conv_transpose_kernel_initializer_config': None, 'conv_transpose_bias_initializer': None, 'conv_transpose_bias_initializer_config': None, 'post_fcnet_hiddens': [], 'post_fcnet_activation': 'relu', 'post_fcnet_weights_initializer': None, 'post_fcnet_weights_initializer_config': None, 'post_fcnet_bias_initializer': None, 'post_fcnet_bias_initializer_config': None, 'free_log_std': False, 'log_std_clip_param': 20.0, 'no_final_linear': False, 'vf_share_layers': False, 'use_lstm': False, 'max_seq_len': 20, 'lstm_cell_size': 256, 'lstm_use_prev_action': False, 'lstm_use_prev_reward': False, 'lstm_weights_initializer': None, 'lstm_weights_initializer_config': None, 'lstm_bias_initializer': None, 'lstm_bias_initializer_config': None, '_time_major': False, 'use_attention': False, 'attention_num_transformer_units': 1, 'attention_dim': 64, 'attention_num_heads': 1, 'attention_head_dim': 32, 'attention_memory_inference': 50, 'attention_memory_training': 50, 'attention_position_wise_mlp_dim': 32, 'attention_init_gru_gate_bias': 2.0, 'attention_use_n_prev_actions': 0, 'attention_use_n_prev_rewards': 0, 'framestack': True, 'dim': 84, 'grayscale': False, 'zero_mean': True, 'custom_model': 'free_agency_masked_model', 'custom_model_config': {}, 'custom_action_dist': None, 'custom_preprocessor': None, 'encoder_latent_dim': None, 'always_check_shapes': False, 'lstm_use_prev_action_reward': -1, '_use_default_native_models': -1, '_disable_preprocessor_api': True, '_disable_action_flattening': False}, '_learner_connector': None, 'add_default_connectors_to_learner_pipeline': True, 'learner_config_dict': {}, 'optimizer': {}, '_learner_class': None, 'callbacks_on_algorithm_init': None, 'callbacks_on_env_runners_recreated': None, 'callbacks_on_offline_eval_runners_recreated': None, 'callbacks_on_checkpoint_loaded': None, 'callbacks_on_environment_created': None, 'callbacks_on_episode_created': None, 'callbacks_on_episode_start': None, 'callbacks_on_episode_step': None, 'callbacks_on_episode_end': None, 'callbacks_on_evaluate_start': None, 'callbacks_on_evaluate_end': None, 'callbacks_on_evaluate_offline_start': None, 'callbacks_on_evaluate_offline_end': None, 'callbacks_on_sample_end': None, 'callbacks_on_train_result': None, 'explore': True, 'enable_rl_module_and_learner': False, 'enable_env_runner_and_connector_v2': False, '_prior_exploration_config': None, 'count_steps_by': 'env_steps', 'policy_map_capacity': 100, 'policy_mapping_fn': <function <lambda> at 0x1460bd1cce00>, 'policies_to_train': None, 'policy_states_are_swappable': False, 'observation_fn': None, 'offline_data_class': None, 'input_read_method': 'read_parquet', 'input_read_method_kwargs': {}, 'input_read_schema': {}, 'input_read_episodes': False, 'input_read_sample_batches': False, 'input_read_batch_size': None, 'input_filesystem': None, 'input_filesystem_kwargs': {}, 'input_compress_columns': ['obs', 'new_obs'], 'input_spaces_jsonable': True, 'materialize_data': False, 'materialize_mapped_data': True, 'map_batches_kwargs': {}, 'iter_batches_kwargs': {}, 'ignore_final_observation': False, 'prelearner_class': None, 'prelearner_buffer_class': None, 'prelearner_buffer_kwargs': {}, 'prelearner_module_synch_period': 10, 'prelearner_use_recorded_module_states': False, 'dataset_num_iters_per_learner': None, 'input_config': {}, 'actions_in_input_normalized': False, 'postprocess_inputs': False, 'shuffle_buffer_size': 0, 'output': None, 'output_config': {}, 'output_compress_columns': ['obs', 'new_obs'], 'output_max_file_size': 67108864, 'output_max_rows_per_file': None, 'output_write_remaining_data': False, 'output_write_method': 'write_parquet', 'output_write_method_kwargs': {}, 'output_filesystem': None, 'output_filesystem_kwargs': {}, 'output_write_episodes': True, 'offline_sampling': False, 'evaluation_interval': None, 'evaluation_duration': 10, 'evaluation_duration_unit': 'episodes', 'evaluation_sample_timeout_s': 120.0, 'evaluation_auto_duration_min_env_steps_per_sample': 100, 'evaluation_auto_duration_max_env_steps_per_sample': 2000, 'evaluation_parallel_to_training': False, 'evaluation_unhealthy_workers_timeout_s': 0.0, 'evaluation_error_after_n_consecutive_skips': None, 'evaluation_force_reset_envs_before_iteration': True, 'evaluation_config': None, 'off_policy_estimation_methods': {}, 'ope_split_batch_by_episode': True, 'evaluation_num_env_runners': 0, 'in_evaluation': False, 'sync_filters_on_rollout_workers_timeout_s': 10.0, 'offline_evaluation_interval': None, 'num_offline_eval_runners': 0, 'offline_evaluation_type': 'eval_loss', 'offline_eval_runner_class': None, 'offline_loss_for_module_fn': None, 'offline_evaluation_duration': 1, 'offline_evaluation_parallel_to_training': False, 'offline_evaluation_timeout_s': 120.0, 'num_cpus_per_offline_eval_runner': 1, 'num_gpus_per_offline_eval_runner': 0, 'custom_resources_per_offline_eval_runner': {}, 'restart_failed_offline_eval_runners': True, 'ignore_offline_eval_runner_failures': False, 'max_num_offline_eval_runner_restarts': 1000, 'offline_eval_runner_restore_timeout_s': 1800.0, 'max_requests_in_flight_per_offline_eval_runner': 1, 'validate_offline_eval_runners_after_construction': True, 'offline_eval_runner_health_probe_timeout_s': 30.0, 'offline_eval_rl_module_inference_only': False, 'broadcast_offline_eval_runner_states': False, 'offline_eval_batch_size_per_runner': 256, 'dataset_num_iters_per_eval_runner': 1, 'keep_per_episode_custom_metrics': False, 'metrics_episode_collection_timeout_s': 60.0, 'metrics_num_episodes_for_smoothing': 100, 'min_time_s_per_iteration': None, 'min_train_timesteps_per_iteration': 0, 'min_sample_timesteps_per_iteration': 0, 'log_gradients': False, 'stats_cls_lookup': {'mean': <class 'ray.rllib.utils.metrics.stats.mean.MeanStats'>, 'ema': <class 'ray.rllib.utils.metrics.stats.ema.EmaStats'>, 'min': <class 'ray.rllib.utils.metrics.stats.min.MinStats'>, 'max': <class 'ray.rllib.utils.metrics.stats.max.MaxStats'>, 'sum': <class 'ray.rllib.utils.metrics.stats.sum.SumStats'>, 'lifetime_sum': <class 'ray.rllib.utils.metrics.stats.lifetime_sum.LifetimeSumStats'>, 'percentiles': <class 'ray.rllib.utils.metrics.stats.percentiles.PercentilesStats'>, 'item': <class 'ray.rllib.utils.metrics.stats.item.ItemStats'>, 'item_series': <class 'ray.rllib.utils.metrics.stats.item_series.ItemSeriesStats'>}, 'export_native_model_files': False, 'checkpoint_trainable_policies_only': False, 'log_level': 'WARN', 'log_sys_usage': True, 'fake_sampler': False, 'seed': None, 'restart_failed_env_runners': True, 'ignore_env_runner_failures': False, 'max_num_env_runner_restarts': 1000, 'delay_between_env_runner_restarts_s': 60.0, 'restart_failed_sub_environments': False, 'num_consecutive_env_runner_failures_tolerance': 100, 'env_runner_health_probe_timeout_s': 30.0, 'env_runner_restore_timeout_s': 1800.0, '_model_config': {}, '_rl_module_spec': None, 'algorithm_config_overrides_per_module': {}, '_per_module_overrides': {}, '_validate_config': True, '_use_msgpack_checkpoints': False, '_torch_grad_scaler_class': None, '_torch_lr_scheduler_classes': None, '_tf_policy_handles_more_than_one_loss': False, '_disable_preprocessor_api': True, '_disable_action_flattening': False, '_disable_initialize_loss_from_dummy_batch': False, '_dont_auto_sync_env_runner_states': False, 'env_task_fn': -1, 'enable_connectors': -1, 'simple_optimizer': True, 'policy_map_cache': -1, 'worker_cls': -1, 'synchronize_filters': -1, 'enable_async_evaluation': -1, 'custom_async_evaluation_function': -1, '_enable_rl_module_api': -1, 'auto_wrap_old_gym_envs': -1, 'always_attach_evaluation_results': -1, 'replay_sequence_length': None, '_disable_execution_plan_api': -1, 'use_critic': True, 'use_gae': True, 'use_kl_loss': True, 'kl_coeff': 0.2, 'kl_target': 0.01, 'vf_loss_coeff': 1.0, 'entropy_coeff': 0.0, 'clip_param': 0.3, 'vf_clip_param': 10.0, 'entropy_coeff_schedule': None, 'lr_schedule': None, 'sgd_minibatch_size': -1, 'vf_share_layers': -1, 'class': <class 'ray.rllib.algorithms.ppo.ppo.PPOConfig'>, 'lambda': 1.0, 'input': 'sampler', 'policies': {'shared_policy': (None, Dict('action_mask': Box(0, 1, (10501,), int8), 'has_history': Box(0.0, 1.0, (1,), float32), 'my_team': Box(0.0, inf, (10,), float32), 'player_market': Box(0.0, inf, (300, 5), float32), 'standing': Box(0.0, 1.0, (1,), float32), 'team_salary': Box(0.0, 100.0, (1,), float32), 'win_pct': Box(0.0, 1.0, (1,), float32)), Discrete(10501), {})}, 'callbacks': <class 'ray.rllib.callbacks.callbacks.RLlibCallback'>, 'create_env_on_driver': False, 'custom_eval_function': None, 'framework': 'torch'}, 'time_since_restore': 34.68578600883484, 'iterations_since_restore': 1, 'perf': {'cpu_util_percent': np.float64(12.206), 'ram_util_percent': np.float64(11.061999999999998)}}
[36m(RolloutWorker pid=306210)[0m --- Welcome to Season 4 Free Agency! ---[32m [repeated 7x across cluster][0m
[36m(RolloutWorker pid=306219)[0m --- Final Cumulative Rewards (Direct Inspection) ---[32m [repeated 1080x across cluster][0m
[36m(RolloutWorker pid=306219)[0m Placeholder Team 29      : 9.0615[32m [repeated 32400x across cluster][0m
[36m(RolloutWorker pid=306210)[0m Simulating Season 3![32m [repeated 5x across cluster][0m
